[ 2016-08-18T15:22:34+08:00 ] 127.0.0.1 /develop/Home/Hh
INFO: [ app_init ] --START--
INFO: Run Behavior\BuildLiteBehavior [ RunTime:0.000038s ]
INFO: [ app_init ] --END-- [ RunTime:0.020698s ]
INFO: [ app_begin ] --START--
INFO: Run Behavior\ReadHtmlCacheBehavior [ RunTime:0.005721s ]
INFO: [ app_begin ] --END-- [ RunTime:0.005848s ]
INFO: [ view_parse ] --START--
INFO: [ template_filter ] --START--
INFO: Run Behavior\ContentReplaceBehavior [ RunTime:0.002994s ]
INFO: [ template_filter ] --END-- [ RunTime:0.003122s ]
INFO: Run Behavior\ParseTemplateBehavior [ RunTime:0.037618s ]
INFO: [ view_parse ] --END-- [ RunTime:0.037719s ]
INFO: [ view_filter ] --START--
INFO: Run Behavior\WriteHtmlCacheBehavior [ RunTime:0.007148s ]
INFO: Run Behavior\TokenBuildBehavior [ RunTime:0.001958s ]
INFO: [ view_filter ] --END-- [ RunTime:0.009289s ]
INFO: [ app_end ] --START--
INFO: Run Behavior\ShowPageTraceBehavior [ RunTime:0.007056s ]
INFO: [ app_end ] --END-- [ RunTime:0.007172s ]

