[ 2016-07-22T10:00:01+08:00 ] ::1 /develop/
INFO: [ app_init ] --START--
INFO: Run Behavior\BuildLiteBehavior [ RunTime:0.000040s ]
INFO: [ app_init ] --END-- [ RunTime:0.013338s ]
INFO: [ app_begin ] --START--
INFO: Run Behavior\ReadHtmlCacheBehavior [ RunTime:0.013905s ]
INFO: [ app_begin ] --END-- [ RunTime:0.014119s ]
INFO: [ view_parse ] --START--
INFO: [ template_filter ] --START--
INFO: Run Behavior\ContentReplaceBehavior [ RunTime:0.000126s ]
INFO: [ template_filter ] --END-- [ RunTime:0.000286s ]
INFO: Run Behavior\ParseTemplateBehavior [ RunTime:0.015551s ]
INFO: [ view_parse ] --END-- [ RunTime:0.015712s ]
INFO: [ view_filter ] --START--
INFO: Run Behavior\WriteHtmlCacheBehavior [ RunTime:0.008711s ]
INFO: [ view_filter ] --END-- [ RunTime:0.008880s ]
INFO: [ app_end ] --START--
INFO: Run Behavior\ShowPageTraceBehavior [ RunTime:0.009973s ]
INFO: [ app_end ] --END-- [ RunTime:0.020299s ]

[ 2016-07-22T10:01:12+08:00 ] ::1 /develop/
INFO: [ app_init ] --START--
INFO: Run Behavior\BuildLiteBehavior [ RunTime:0.000018s ]
INFO: [ app_init ] --END-- [ RunTime:0.000509s ]
INFO: [ app_begin ] --START--
INFO: Run Behavior\ReadHtmlCacheBehavior [ RunTime:0.000757s ]
INFO: [ app_begin ] --END-- [ RunTime:0.000828s ]
INFO: [ view_parse ] --START--
INFO: [ template_filter ] --START--
INFO: Run Behavior\ContentReplaceBehavior [ RunTime:0.000030s ]
INFO: [ template_filter ] --END-- [ RunTime:0.000087s ]
INFO: Run Behavior\ParseTemplateBehavior [ RunTime:0.002035s ]
INFO: [ view_parse ] --END-- [ RunTime:0.002116s ]
INFO: [ view_filter ] --START--
INFO: Run Behavior\WriteHtmlCacheBehavior [ RunTime:0.000266s ]
INFO: [ view_filter ] --END-- [ RunTime:0.000298s ]
INFO: [ app_end ] --START--
INFO: Run Behavior\ShowPageTraceBehavior [ RunTime:0.000447s ]
INFO: [ app_end ] --END-- [ RunTime:0.000483s ]

[ 2016-07-22T10:13:54+08:00 ] ::1 /develop/
ERR: 模板不存在:./Application/Home/View/default/Index/index.tpl

[ 2016-07-22T14:53:18+08:00 ] ::1 /develop/Home/Index/Recommend.shtml
ERR: 非法操作:Recommend

[ 2016-07-22T14:53:20+08:00 ] ::1 /develop/Home/Index/Recommend.shtml
ERR: 非法操作:Recommend

[ 2016-07-22T14:53:28+08:00 ] ::1 /develop/Home/Index/Recommend.shtml
ERR: 非法操作:Recommend

[ 2016-07-22T14:53:34+08:00 ] ::1 /develop/Home/Index/Recommend.shtml
ERR: 非法操作:Recommend

[ 2016-07-22T14:53:36+08:00 ] ::1 /develop/Home/Home/Recommend.shtml
ERR: 无法加载控制器:Home

[ 2016-07-22T15:08:52+08:00 ] ::1 /Develop/Home/Register
ERR: 模板不存在:./Application/Home/View/Register/index.tpl

[ 2016-07-22T17:15:37+08:00 ] ::1 /develop/Home/Recommend.shtml
ERR: 模板不存在:./Application/Home/View/Recommend/index.tpl

