[ 2016-08-29T08:24:04+08:00 ] ::1 /develop/Home/Test/jjsss
INFO: [ app_init ] --START--
INFO: Run Behavior\BuildLiteBehavior [ RunTime:0.000008s ]
INFO: [ app_init ] --END-- [ RunTime:0.000380s ]
INFO: [ app_begin ] --START--
INFO: Run Behavior\ReadHtmlCacheBehavior [ RunTime:0.000673s ]
INFO: [ app_begin ] --END-- [ RunTime:0.000756s ]
SQL: SHOW COLUMNS FROM `think_commission_log` [ RunTime:0.0022s ]
SQL: SELECT `id`,`sendid`,`goodsid`,`commission`,`createtime`,`state` FROM `think_commission_log` WHERE `sendid` = 6266 AND `state` = 1 AND ( UNIX_TIMESTAMP(createtime) < UNIX_TIMESTAMP(SUBDATE(NOW(), INTERVAL 7 DAY)) )  [ RunTime:0.0018s ]
NOTIC: [8] Undefined index: validate C:\xampp\htdocs\develop\ThinkPHP\Library\Think\Model.class.php 第 1185 行.
NOTIC: [8] Undefined index: auto C:\xampp\htdocs\develop\ThinkPHP\Library\Think\Model.class.php 第 1128 行.
SQL: UPDATE `think_commission_log` SET `commission`='2' WHERE `id` = 131 [ RunTime:0.0047s ]
INFO: [ app_end ] --START--
INFO: Run Behavior\ShowPageTraceBehavior [ RunTime:0.000683s ]
INFO: [ app_end ] --END-- [ RunTime:0.000735s ]

[ 2016-08-29T08:24:16+08:00 ] ::1 /develop/Home/Test/jjsss
INFO: [ app_init ] --START--
INFO: Run Behavior\BuildLiteBehavior [ RunTime:0.000020s ]
INFO: [ app_init ] --END-- [ RunTime:0.000719s ]
INFO: [ app_begin ] --START--
INFO: Run Behavior\ReadHtmlCacheBehavior [ RunTime:0.001477s ]
INFO: [ app_begin ] --END-- [ RunTime:0.001639s ]
SQL: SHOW COLUMNS FROM `think_commission_log` [ RunTime:0.0022s ]
SQL: SELECT `id`,`sendid`,`goodsid`,`commission`,`createtime`,`state` FROM `think_commission_log` WHERE `sendid` = 6266 AND `state` = 1 AND ( UNIX_TIMESTAMP(createtime) < UNIX_TIMESTAMP(SUBDATE(NOW(), INTERVAL 7 DAY)) )  [ RunTime:0.0018s ]
NOTIC: [8] Undefined index: validate C:\xampp\htdocs\develop\ThinkPHP\Library\Think\Model.class.php 第 1185 行.
NOTIC: [8] Undefined index: auto C:\xampp\htdocs\develop\ThinkPHP\Library\Think\Model.class.php 第 1128 行.
SQL: UPDATE `think_commission_log` SET `commission`='2' WHERE `id` = 131 [ RunTime:0.0014s ]
INFO: [ app_end ] --START--
INFO: Run Behavior\ShowPageTraceBehavior [ RunTime:0.000751s ]
INFO: [ app_end ] --END-- [ RunTime:0.000792s ]

[ 2016-08-29T08:24:17+08:00 ] ::1 /develop/Home/Test/jjsss
INFO: [ app_init ] --START--
INFO: Run Behavior\BuildLiteBehavior [ RunTime:0.000041s ]
INFO: [ app_init ] --END-- [ RunTime:0.000929s ]
INFO: [ app_begin ] --START--
INFO: Run Behavior\ReadHtmlCacheBehavior [ RunTime:0.001156s ]
INFO: [ app_begin ] --END-- [ RunTime:0.001260s ]
SQL: SHOW COLUMNS FROM `think_commission_log` [ RunTime:0.0021s ]
SQL: SELECT `id`,`sendid`,`goodsid`,`commission`,`createtime`,`state` FROM `think_commission_log` WHERE `sendid` = 6266 AND `state` = 1 AND ( UNIX_TIMESTAMP(createtime) < UNIX_TIMESTAMP(SUBDATE(NOW(), INTERVAL 7 DAY)) )  [ RunTime:0.0017s ]
NOTIC: [8] Undefined index: validate C:\xampp\htdocs\develop\ThinkPHP\Library\Think\Model.class.php 第 1185 行.
NOTIC: [8] Undefined index: auto C:\xampp\htdocs\develop\ThinkPHP\Library\Think\Model.class.php 第 1128 行.
SQL: UPDATE `think_commission_log` SET `commission`='2' WHERE `id` = 131 [ RunTime:0.0013s ]
INFO: [ app_end ] --START--
INFO: Run Behavior\ShowPageTraceBehavior [ RunTime:0.000806s ]
INFO: [ app_end ] --END-- [ RunTime:0.000855s ]

[ 2016-08-29T08:25:33+08:00 ] ::1 /develop/Home/Test/jjsss
INFO: [ app_init ] --START--
INFO: Run Behavior\BuildLiteBehavior [ RunTime:0.000020s ]
INFO: [ app_init ] --END-- [ RunTime:0.000723s ]
INFO: [ app_begin ] --START--
INFO: Run Behavior\ReadHtmlCacheBehavior [ RunTime:0.000866s ]
INFO: [ app_begin ] --END-- [ RunTime:0.000941s ]
SQL: SHOW COLUMNS FROM `think_commission_log` [ RunTime:0.0020s ]
SQL: SELECT `id`,`sendid`,`goodsid`,`commission`,`createtime`,`state` FROM `think_commission_log` WHERE `sendid` = 6266 AND `state` = 1 AND ( UNIX_TIMESTAMP(createtime) < UNIX_TIMESTAMP(SUBDATE(NOW(), INTERVAL 7 DAY)) )  [ RunTime:0.0014s ]
NOTIC: [8] Undefined index: validate C:\xampp\htdocs\develop\ThinkPHP\Library\Think\Model.class.php 第 1185 行.
NOTIC: [8] Undefined index: auto C:\xampp\htdocs\develop\ThinkPHP\Library\Think\Model.class.php 第 1128 行.
SQL: UPDATE `think_commission_log` SET `commission`='2' WHERE `id` = 131 [ RunTime:0.0014s ]
INFO: [ app_end ] --START--
INFO: Run Behavior\ShowPageTraceBehavior [ RunTime:0.000621s ]
INFO: [ app_end ] --END-- [ RunTime:0.000658s ]

[ 2016-08-29T08:26:36+08:00 ] ::1 /develop/Home/Test/jjsss
INFO: [ app_init ] --START--
INFO: Run Behavior\BuildLiteBehavior [ RunTime:0.000019s ]
INFO: [ app_init ] --END-- [ RunTime:0.000771s ]
INFO: [ app_begin ] --START--
INFO: Run Behavior\ReadHtmlCacheBehavior [ RunTime:0.001027s ]
INFO: [ app_begin ] --END-- [ RunTime:0.001103s ]
SQL: SHOW COLUMNS FROM `think_commission_log` [ RunTime:0.0025s ]
SQL: SELECT `id`,`sendid`,`goodsid`,`commission`,`createtime`,`state` FROM `think_commission_log` WHERE `sendid` = 6266 AND `state` = 1 AND ( UNIX_TIMESTAMP(createtime) < UNIX_TIMESTAMP(SUBDATE(NOW(), INTERVAL 7 DAY)) )  [ RunTime:0.0021s ]
NOTIC: [8] Undefined index: validate C:\xampp\htdocs\develop\ThinkPHP\Library\Think\Model.class.php 第 1185 行.
NOTIC: [8] Undefined index: auto C:\xampp\htdocs\develop\ThinkPHP\Library\Think\Model.class.php 第 1128 行.
SQL: UPDATE `think_commission_log` SET `commission`='2' WHERE `id` = 131 [ RunTime:0.0016s ]
INFO: [ app_end ] --START--
INFO: Run Behavior\ShowPageTraceBehavior [ RunTime:0.002287s ]
INFO: [ app_end ] --END-- [ RunTime:0.002430s ]

[ 2016-08-29T08:27:08+08:00 ] ::1 /develop/Home/Test/jjsss
INFO: [ app_init ] --START--
INFO: Run Behavior\BuildLiteBehavior [ RunTime:0.000024s ]
INFO: [ app_init ] --END-- [ RunTime:0.000884s ]
INFO: [ app_begin ] --START--
INFO: Run Behavior\ReadHtmlCacheBehavior [ RunTime:0.001144s ]
INFO: [ app_begin ] --END-- [ RunTime:0.001230s ]
SQL: SHOW COLUMNS FROM `think_commission_log` [ RunTime:0.0021s ]
SQL: SELECT `id`,`sendid`,`goodsid`,`commission`,`createtime`,`state` FROM `think_commission_log` WHERE `sendid` = 6266 AND `state` = 1 AND ( UNIX_TIMESTAMP(createtime) < UNIX_TIMESTAMP(SUBDATE(NOW(), INTERVAL 7 DAY)) )  [ RunTime:0.0016s ]
NOTIC: [8] Undefined index: validate C:\xampp\htdocs\develop\ThinkPHP\Library\Think\Model.class.php 第 1185 行.
NOTIC: [8] Undefined index: auto C:\xampp\htdocs\develop\ThinkPHP\Library\Think\Model.class.php 第 1128 行.
SQL: UPDATE `think_commission_log` SET `commission`='2' WHERE `id` = 131 [ RunTime:0.0013s ]
INFO: [ app_end ] --START--
INFO: Run Behavior\ShowPageTraceBehavior [ RunTime:0.000890s ]
INFO: [ app_end ] --END-- [ RunTime:0.000937s ]

[ 2016-08-29T08:34:33+08:00 ] ::1 /develop/Home/Test/jjsss
INFO: [ app_init ] --START--
INFO: Run Behavior\BuildLiteBehavior [ RunTime:0.000016s ]
INFO: [ app_init ] --END-- [ RunTime:0.000633s ]
INFO: [ app_begin ] --START--
INFO: Run Behavior\ReadHtmlCacheBehavior [ RunTime:0.000836s ]
INFO: [ app_begin ] --END-- [ RunTime:0.000904s ]
SQL: SHOW COLUMNS FROM `think_commission_log` [ RunTime:0.0021s ]
ERR: 1054:Unknown column 'state' in 'field list'
 [ SQL语句 ] : SELECT `id`,`sendid`,`goodsid`,`commission`,`createtime`,`state` FROM `think_commission_log` WHERE `sendid` = 6266 AND ( UNIX_TIMESTAMP(createtime) < UNIX_TIMESTAMP(SUBDATE(NOW(), INTERVAL 7 DAY)) ) 
ERR: 1054:Unknown column 'state' in 'field list'
 [ SQL语句 ] : SELECT `id`,`sendid`,`goodsid`,`commission`,`createtime`,`state` FROM `think_commission_log` WHERE `sendid` = 6266 AND ( UNIX_TIMESTAMP(createtime) < UNIX_TIMESTAMP(SUBDATE(NOW(), INTERVAL 7 DAY)) ) 

[ 2016-08-29T08:34:42+08:00 ] ::1 /develop/Home/Test/jjsss
INFO: [ app_init ] --START--
INFO: Run Behavior\BuildLiteBehavior [ RunTime:0.000013s ]
INFO: [ app_init ] --END-- [ RunTime:0.000467s ]
INFO: [ app_begin ] --START--
INFO: Run Behavior\ReadHtmlCacheBehavior [ RunTime:0.000587s ]
INFO: [ app_begin ] --END-- [ RunTime:0.000629s ]
SQL: SHOW COLUMNS FROM `think_commission_log` [ RunTime:0.0020s ]
SQL: SELECT `id`,`sendid`,`goodsid`,`commission`,`createtime`,`status` FROM `think_commission_log` WHERE `sendid` = 6266 AND ( UNIX_TIMESTAMP(createtime) < UNIX_TIMESTAMP(SUBDATE(NOW(), INTERVAL 7 DAY)) )  [ RunTime:0.0013s ]
NOTIC: [8] Undefined index: validate C:\xampp\htdocs\develop\ThinkPHP\Library\Think\Model.class.php 第 1185 行.
NOTIC: [8] Undefined index: auto C:\xampp\htdocs\develop\ThinkPHP\Library\Think\Model.class.php 第 1128 行.
SQL: UPDATE `think_commission_log` SET `commission`='1',`status`='2' WHERE `id` = 131 [ RunTime:0.0015s ]
INFO: [ app_end ] --START--
INFO: Run Behavior\ShowPageTraceBehavior [ RunTime:0.000595s ]
INFO: [ app_end ] --END-- [ RunTime:0.000623s ]

[ 2016-08-29T08:35:23+08:00 ] ::1 /develop/Home/Test/jjsss
INFO: [ app_init ] --START--
INFO: Run Behavior\BuildLiteBehavior [ RunTime:0.000019s ]
INFO: [ app_init ] --END-- [ RunTime:0.000716s ]
INFO: [ app_begin ] --START--
INFO: Run Behavior\ReadHtmlCacheBehavior [ RunTime:0.000805s ]
INFO: [ app_begin ] --END-- [ RunTime:0.000881s ]
SQL: SHOW COLUMNS FROM `think_commission_log` [ RunTime:0.0019s ]
SQL: SELECT `id`,`sendid`,`goodsid`,`commission`,`createtime`,`status` FROM `think_commission_log` WHERE `sendid` = 6266 AND ( UNIX_TIMESTAMP(createtime) < UNIX_TIMESTAMP(SUBDATE(NOW(), INTERVAL 7 DAY)) )  [ RunTime:0.0015s ]
NOTIC: [8] Undefined index: validate C:\xampp\htdocs\develop\ThinkPHP\Library\Think\Model.class.php 第 1185 行.
NOTIC: [8] Undefined index: auto C:\xampp\htdocs\develop\ThinkPHP\Library\Think\Model.class.php 第 1128 行.
SQL: UPDATE `think_commission_log` SET `commission`='2',`status`='2' WHERE `id` = 131 [ RunTime:0.0015s ]
INFO: [ app_end ] --START--
INFO: Run Behavior\ShowPageTraceBehavior [ RunTime:0.000620s ]
INFO: [ app_end ] --END-- [ RunTime:0.000652s ]

[ 2016-08-29T08:44:49+08:00 ] ::1 /develop/Home/Test/jjsss
INFO: [ app_init ] --START--
INFO: Run Behavior\BuildLiteBehavior [ RunTime:0.000014s ]
INFO: [ app_init ] --END-- [ RunTime:0.000484s ]
INFO: [ app_begin ] --START--
INFO: Run Behavior\ReadHtmlCacheBehavior [ RunTime:0.000634s ]
INFO: [ app_begin ] --END-- [ RunTime:0.000679s ]
SQL: SHOW COLUMNS FROM `think_commission_log` [ RunTime:0.0023s ]
SQL: SELECT `id`,`sendid`,`goodsid`,`commission`,`createtime`,`status` FROM `think_commission_log` WHERE `sendid` = 6266 AND ( UNIX_TIMESTAMP(createtime) < UNIX_TIMESTAMP(SUBDATE(NOW(), INTERVAL 7 DAY)) )  [ RunTime:0.0017s ]
NOTIC: [8] Undefined index: validate C:\xampp\htdocs\develop\ThinkPHP\Library\Think\Model.class.php 第 1185 行.
NOTIC: [8] Undefined index: auto C:\xampp\htdocs\develop\ThinkPHP\Library\Think\Model.class.php 第 1128 行.
SQL: UPDATE `think_commission_log` SET `commission`='2',`status`='2' WHERE `id` = 131 [ RunTime:0.0015s ]
INFO: [ app_end ] --START--
INFO: Run Behavior\ShowPageTraceBehavior [ RunTime:0.000768s ]
INFO: [ app_end ] --END-- [ RunTime:0.000827s ]

[ 2016-08-29T08:45:08+08:00 ] ::1 /develop/Home/Test/jjsss
INFO: [ app_init ] --START--
INFO: Run Behavior\BuildLiteBehavior [ RunTime:0.000036s ]
INFO: [ app_init ] --END-- [ RunTime:0.001398s ]
INFO: [ app_begin ] --START--
INFO: Run Behavior\ReadHtmlCacheBehavior [ RunTime:0.002962s ]
INFO: [ app_begin ] --END-- [ RunTime:0.003219s ]
SQL: SHOW COLUMNS FROM `think_commission_log` [ RunTime:0.0020s ]
SQL: SELECT `id`,`sendid`,`goodsid`,`commission`,`createtime`,`status` FROM `think_commission_log` WHERE `sendid` = 6266 AND ( UNIX_TIMESTAMP(createtime) < UNIX_TIMESTAMP(SUBDATE(NOW(), INTERVAL 7 DAY)) )  [ RunTime:0.0014s ]
NOTIC: [8] Undefined index: validate C:\xampp\htdocs\develop\ThinkPHP\Library\Think\Model.class.php 第 1185 行.
NOTIC: [8] Undefined index: auto C:\xampp\htdocs\develop\ThinkPHP\Library\Think\Model.class.php 第 1128 行.
SQL: UPDATE `think_commission_log` SET `commission`='1',`status`='2' WHERE `id` = 131 [ RunTime:0.0013s ]
INFO: [ app_end ] --START--
INFO: Run Behavior\ShowPageTraceBehavior [ RunTime:0.001039s ]
INFO: [ app_end ] --END-- [ RunTime:0.001126s ]

[ 2016-08-29T08:46:06+08:00 ] ::1 /develop/Home/Test/jjsss
INFO: [ app_init ] --START--
INFO: Run Behavior\BuildLiteBehavior [ RunTime:0.000022s ]
INFO: [ app_init ] --END-- [ RunTime:0.000707s ]
INFO: [ app_begin ] --START--
INFO: Run Behavior\ReadHtmlCacheBehavior [ RunTime:0.000923s ]
INFO: [ app_begin ] --END-- [ RunTime:0.001012s ]
SQL: SHOW COLUMNS FROM `think_commission_log` [ RunTime:0.0022s ]
SQL: SELECT `id`,`sendid`,`goodsid`,`commission`,`createtime`,`status` FROM `think_commission_log` WHERE `sendid` = 6266 AND ( UNIX_TIMESTAMP(createtime) < UNIX_TIMESTAMP(SUBDATE(NOW(), INTERVAL 7 DAY)) )  [ RunTime:0.0017s ]

[ 2016-08-29T08:46:12+08:00 ] ::1 /develop/Home/Test/jjsss
INFO: [ app_init ] --START--
INFO: Run Behavior\BuildLiteBehavior [ RunTime:0.000031s ]
INFO: [ app_init ] --END-- [ RunTime:0.000793s ]
INFO: [ app_begin ] --START--
INFO: Run Behavior\ReadHtmlCacheBehavior [ RunTime:0.001204s ]
INFO: [ app_begin ] --END-- [ RunTime:0.001302s ]
SQL: SHOW COLUMNS FROM `think_commission_log` [ RunTime:0.0019s ]
SQL: SELECT `id`,`sendid`,`goodsid`,`commission`,`createtime`,`status` FROM `think_commission_log` WHERE `sendid` = 6266 AND ( UNIX_TIMESTAMP(createtime) < UNIX_TIMESTAMP(SUBDATE(NOW(), INTERVAL 7 DAY)) )  [ RunTime:0.0017s ]

[ 2016-08-29T08:47:52+08:00 ] ::1 /develop/Home/Test/jjsss
INFO: [ app_init ] --START--
INFO: Run Behavior\BuildLiteBehavior [ RunTime:0.000013s ]
INFO: [ app_init ] --END-- [ RunTime:0.000499s ]
INFO: [ app_begin ] --START--
INFO: Run Behavior\ReadHtmlCacheBehavior [ RunTime:0.000574s ]
INFO: [ app_begin ] --END-- [ RunTime:0.000615s ]
SQL: SHOW COLUMNS FROM `think_commission_log` [ RunTime:0.0022s ]
SQL: SELECT `id`,`sendid`,`goodsid`,`commission`,`createtime`,`status` FROM `think_commission_log` WHERE `sendid` = 6266 AND ( UNIX_TIMESTAMP(createtime) < UNIX_TIMESTAMP(SUBDATE(NOW(), INTERVAL 7 DAY)) )  [ RunTime:0.0019s ]

[ 2016-08-29T08:47:56+08:00 ] ::1 /develop/Home/Test/jjsss
INFO: [ app_init ] --START--
INFO: Run Behavior\BuildLiteBehavior [ RunTime:0.000010s ]
INFO: [ app_init ] --END-- [ RunTime:0.000292s ]
INFO: [ app_begin ] --START--
INFO: Run Behavior\ReadHtmlCacheBehavior [ RunTime:0.000351s ]
INFO: [ app_begin ] --END-- [ RunTime:0.000383s ]
SQL: SHOW COLUMNS FROM `think_commission_log` [ RunTime:0.0023s ]
SQL: SELECT `id`,`sendid`,`goodsid`,`commission`,`createtime`,`status` FROM `think_commission_log` WHERE `sendid` = 6266 AND ( UNIX_TIMESTAMP(createtime) < UNIX_TIMESTAMP(SUBDATE(NOW(), INTERVAL 7 DAY)) )  [ RunTime:0.0018s ]

[ 2016-08-29T08:48:07+08:00 ] ::1 /develop/Home/Test/jjsss
INFO: [ app_init ] --START--
INFO: Run Behavior\BuildLiteBehavior [ RunTime:0.000025s ]
INFO: [ app_init ] --END-- [ RunTime:0.001008s ]
INFO: [ app_begin ] --START--
INFO: Run Behavior\ReadHtmlCacheBehavior [ RunTime:0.001431s ]
INFO: [ app_begin ] --END-- [ RunTime:0.001540s ]
SQL: SHOW COLUMNS FROM `think_commission_log` [ RunTime:0.0023s ]
SQL: SELECT `id`,`sendid`,`goodsid`,`commission`,`createtime`,`status` FROM `think_commission_log` WHERE `sendid` = 6266 AND ( UNIX_TIMESTAMP(createtime) < UNIX_TIMESTAMP(SUBDATE(NOW(), INTERVAL 7 DAY)) )  [ RunTime:0.0015s ]

[ 2016-08-29T08:48:23+08:00 ] ::1 /develop/Home/Test/jjsss
INFO: [ app_init ] --START--
INFO: Run Behavior\BuildLiteBehavior [ RunTime:0.000036s ]
INFO: [ app_init ] --END-- [ RunTime:0.001674s ]
INFO: [ app_begin ] --START--
INFO: Run Behavior\ReadHtmlCacheBehavior [ RunTime:0.001606s ]
INFO: [ app_begin ] --END-- [ RunTime:0.001756s ]
SQL: SHOW COLUMNS FROM `think_commission_log` [ RunTime:0.0019s ]
SQL: SELECT `id`,`sendid`,`goodsid`,`commission`,`createtime`,`status` FROM `think_commission_log` WHERE `sendid` = 6266 AND ( UNIX_TIMESTAMP(createtime) < UNIX_TIMESTAMP(SUBDATE(NOW(), INTERVAL 7 DAY)) )  [ RunTime:0.0015s ]

[ 2016-08-29T08:48:28+08:00 ] ::1 /develop/Home/Test/jjsss
INFO: [ app_init ] --START--
INFO: Run Behavior\BuildLiteBehavior [ RunTime:0.000023s ]
INFO: [ app_init ] --END-- [ RunTime:0.000812s ]
INFO: [ app_begin ] --START--
INFO: Run Behavior\ReadHtmlCacheBehavior [ RunTime:0.001149s ]
INFO: [ app_begin ] --END-- [ RunTime:0.001247s ]
SQL: SHOW COLUMNS FROM `think_commission_log` [ RunTime:0.0019s ]
SQL: SELECT `id`,`sendid`,`goodsid`,`commission`,`createtime`,`status` FROM `think_commission_log` WHERE `sendid` = 6266 AND ( UNIX_TIMESTAMP(createtime) < UNIX_TIMESTAMP(SUBDATE(NOW(), INTERVAL 7 DAY)) )  [ RunTime:0.0014s ]

[ 2016-08-29T08:48:28+08:00 ] ::1 /develop/Home/Test/jjsss
INFO: [ app_init ] --START--
INFO: Run Behavior\BuildLiteBehavior [ RunTime:0.000024s ]
INFO: [ app_init ] --END-- [ RunTime:0.001466s ]
INFO: [ app_begin ] --START--
INFO: Run Behavior\ReadHtmlCacheBehavior [ RunTime:0.001004s ]
INFO: [ app_begin ] --END-- [ RunTime:0.001092s ]
SQL: SHOW COLUMNS FROM `think_commission_log` [ RunTime:0.0021s ]
SQL: SELECT `id`,`sendid`,`goodsid`,`commission`,`createtime`,`status` FROM `think_commission_log` WHERE `sendid` = 6266 AND ( UNIX_TIMESTAMP(createtime) < UNIX_TIMESTAMP(SUBDATE(NOW(), INTERVAL 7 DAY)) )  [ RunTime:0.0014s ]

[ 2016-08-29T08:48:50+08:00 ] ::1 /develop/Home/Test/jjsss
INFO: [ app_init ] --START--
INFO: Run Behavior\BuildLiteBehavior [ RunTime:0.000037s ]
INFO: [ app_init ] --END-- [ RunTime:0.000788s ]
INFO: [ app_begin ] --START--
INFO: Run Behavior\ReadHtmlCacheBehavior [ RunTime:0.000884s ]
INFO: [ app_begin ] --END-- [ RunTime:0.000971s ]
SQL: SHOW COLUMNS FROM `think_commission_log` [ RunTime:0.0022s ]
SQL: SELECT `id`,`sendid`,`goodsid`,`commission`,`createtime`,`status` FROM `think_commission_log` WHERE `sendid` = 6266 AND ( UNIX_TIMESTAMP(createtime) < UNIX_TIMESTAMP(SUBDATE(NOW(), INTERVAL 7 DAY)) )  [ RunTime:0.0017s ]

[ 2016-08-29T08:49:49+08:00 ] ::1 /develop/Home/Test/jjsss
INFO: [ app_init ] --START--
INFO: Run Behavior\BuildLiteBehavior [ RunTime:0.000019s ]
INFO: [ app_init ] --END-- [ RunTime:0.001120s ]
INFO: [ app_begin ] --START--
INFO: Run Behavior\ReadHtmlCacheBehavior [ RunTime:0.000806s ]
INFO: [ app_begin ] --END-- [ RunTime:0.000874s ]
SQL: SHOW COLUMNS FROM `think_commission_log` [ RunTime:0.0018s ]
SQL: SELECT `id`,`sendid`,`goodsid`,`commission`,`createtime`,`status` FROM `think_commission_log` WHERE `sendid` = 6266 AND ( UNIX_TIMESTAMP(createtime) < UNIX_TIMESTAMP(SUBDATE(NOW(), INTERVAL 7 DAY)) )  [ RunTime:0.0013s ]

[ 2016-08-29T09:18:31+08:00 ] ::1 /develop/Home/Test/jjsss
INFO: [ app_init ] --START--
INFO: Run Behavior\BuildLiteBehavior [ RunTime:0.000022s ]
INFO: [ app_init ] --END-- [ RunTime:0.000907s ]
INFO: [ app_begin ] --START--
INFO: Run Behavior\ReadHtmlCacheBehavior [ RunTime:0.001160s ]
INFO: [ app_begin ] --END-- [ RunTime:0.001247s ]
SQL: SHOW COLUMNS FROM `think_commission_log` [ RunTime:0.0021s ]
SQL: SELECT `id`,`sendid`,`goodsid`,`commission`,`createtime`,`status` FROM `think_commission_log` WHERE `sendid` = 6266 AND ( UNIX_TIMESTAMP(createtime) < UNIX_TIMESTAMP(SUBDATE(NOW(), INTERVAL 7 DAY)) )  [ RunTime:0.0016s ]
INFO: [ app_end ] --START--
INFO: Run Behavior\ShowPageTraceBehavior [ RunTime:0.000914s ]
INFO: [ app_end ] --END-- [ RunTime:0.000965s ]

[ 2016-08-29T09:28:28+08:00 ] ::1 /develop/Home/Test/jjsss
INFO: [ app_init ] --START--
INFO: Run Behavior\BuildLiteBehavior [ RunTime:0.000010s ]
INFO: [ app_init ] --END-- [ RunTime:0.000592s ]
INFO: [ app_begin ] --START--
INFO: Run Behavior\ReadHtmlCacheBehavior [ RunTime:0.000496s ]
INFO: [ app_begin ] --END-- [ RunTime:0.000532s ]
SQL: SHOW COLUMNS FROM `think_commission_log` [ RunTime:0.0023s ]
SQL: SELECT `id`,`sendid`,`goodsid`,`commission`,`createtime`,`status` FROM `think_commission_log` WHERE `sendid` = 6266 AND ( UNIX_TIMESTAMP(createtime) < UNIX_TIMESTAMP(SUBDATE(NOW(), INTERVAL 7 DAY)) )  [ RunTime:0.0017s ]
NOTIC: [8] Undefined index: validate C:\xampp\htdocs\develop\ThinkPHP\Library\Think\Model.class.php 第 1185 行.
NOTIC: [8] Undefined index: auto C:\xampp\htdocs\develop\ThinkPHP\Library\Think\Model.class.php 第 1128 行.
SQL: UPDATE `think_commission_log` SET `status`='2' WHERE `id` = 132 [ RunTime:0.0014s ]
INFO: [ app_end ] --START--
INFO: Run Behavior\ShowPageTraceBehavior [ RunTime:0.000604s ]
INFO: [ app_end ] --END-- [ RunTime:0.000636s ]

[ 2016-08-29T09:28:49+08:00 ] ::1 /develop/Home/Test/jjsss
INFO: [ app_init ] --START--
INFO: Run Behavior\BuildLiteBehavior [ RunTime:0.000023s ]
INFO: [ app_init ] --END-- [ RunTime:0.000867s ]
INFO: [ app_begin ] --START--
INFO: Run Behavior\ReadHtmlCacheBehavior [ RunTime:0.001107s ]
INFO: [ app_begin ] --END-- [ RunTime:0.001194s ]
SQL: SHOW COLUMNS FROM `think_commission_log` [ RunTime:0.0020s ]
SQL: SELECT `id`,`sendid`,`goodsid`,`commission`,`createtime`,`status` FROM `think_commission_log` WHERE `sendid` = 6266 AND ( UNIX_TIMESTAMP(createtime) < UNIX_TIMESTAMP(SUBDATE(NOW(), INTERVAL 7 DAY)) )  [ RunTime:0.0015s ]
NOTIC: [8] Undefined index: validate C:\xampp\htdocs\develop\ThinkPHP\Library\Think\Model.class.php 第 1185 行.
NOTIC: [8] Undefined index: auto C:\xampp\htdocs\develop\ThinkPHP\Library\Think\Model.class.php 第 1128 行.
SQL: UPDATE `think_commission_log` SET `status`='2' WHERE `id` = 132 [ RunTime:0.0013s ]
INFO: [ app_end ] --START--
INFO: Run Behavior\ShowPageTraceBehavior [ RunTime:0.001300s ]
INFO: [ app_end ] --END-- [ RunTime:0.001373s ]

[ 2016-08-29T09:35:33+08:00 ] ::1 /develop/Home/Test/jjsss
INFO: [ app_init ] --START--
INFO: Run Behavior\BuildLiteBehavior [ RunTime:0.000022s ]
INFO: [ app_init ] --END-- [ RunTime:0.000877s ]
INFO: [ app_begin ] --START--
INFO: Run Behavior\ReadHtmlCacheBehavior [ RunTime:0.001706s ]
INFO: [ app_begin ] --END-- [ RunTime:0.001999s ]
SQL: SHOW COLUMNS FROM `think_commission_log` [ RunTime:0.0019s ]
SQL: SELECT `id`,`sendid`,`goodsid`,`commission`,`createtime`,`status` FROM `think_commission_log` WHERE `sendid` = 6266 AND ( UNIX_TIMESTAMP(createtime) < UNIX_TIMESTAMP(SUBDATE(NOW(), INTERVAL 7 DAY)) )  [ RunTime:0.0015s ]
INFO: [ app_end ] --START--
INFO: Run Behavior\ShowPageTraceBehavior [ RunTime:0.001319s ]
INFO: [ app_end ] --END-- [ RunTime:0.001398s ]

[ 2016-08-29T09:36:00+08:00 ] ::1 /develop/Home/Test/jjsss
INFO: [ app_init ] --START--
INFO: Run Behavior\BuildLiteBehavior [ RunTime:0.000022s ]
INFO: [ app_init ] --END-- [ RunTime:0.000872s ]
INFO: [ app_begin ] --START--
INFO: Run Behavior\ReadHtmlCacheBehavior [ RunTime:0.001197s ]
INFO: [ app_begin ] --END-- [ RunTime:0.001300s ]
SQL: SHOW COLUMNS FROM `think_commission_log` [ RunTime:0.0022s ]
SQL: SELECT `id`,`sendid`,`goodsid`,`commission`,`createtime`,`status` FROM `think_commission_log` WHERE `sendid` = 6266 AND ( UNIX_TIMESTAMP(createtime) < UNIX_TIMESTAMP(SUBDATE(NOW(), INTERVAL 7 DAY)) )  [ RunTime:0.0016s ]
SQL: UPDATE `think_commission_log` SET `status`='2' WHERE `id` = 113 [ RunTime:0.0019s ]
SQL: UPDATE `think_commission_log` SET `status`='2' WHERE `id` = 130 [ RunTime:0.0016s ]
SQL: UPDATE `think_commission_log` SET `status`='2' WHERE `id` = 131 [ RunTime:0.0018s ]
SQL: UPDATE `think_commission_log` SET `status`='2' WHERE `id` = 132 [ RunTime:0.0018s ]
INFO: [ app_end ] --START--
INFO: Run Behavior\ShowPageTraceBehavior [ RunTime:0.000800s ]
INFO: [ app_end ] --END-- [ RunTime:0.000841s ]

[ 2016-08-29T09:36:34+08:00 ] ::1 /develop/Home/Test/jjsss
INFO: [ app_init ] --START--
INFO: Run Behavior\BuildLiteBehavior [ RunTime:0.000021s ]
INFO: [ app_init ] --END-- [ RunTime:0.000800s ]
INFO: [ app_begin ] --START--
INFO: Run Behavior\ReadHtmlCacheBehavior [ RunTime:0.001182s ]
INFO: [ app_begin ] --END-- [ RunTime:0.001277s ]
SQL: SHOW COLUMNS FROM `think_commission_log` [ RunTime:0.0020s ]
SQL: SELECT `id`,`sendid`,`goodsid`,`commission`,`createtime`,`status` FROM `think_commission_log` WHERE `sendid` = 6266 AND ( UNIX_TIMESTAMP(createtime) < UNIX_TIMESTAMP(SUBDATE(NOW(), INTERVAL 7 DAY)) )  [ RunTime:0.0016s ]
SQL: UPDATE `think_commission_log` SET `status`='2' WHERE `id` = 113 [ RunTime:0.0097s ]
SQL: UPDATE `think_commission_log` SET `status`='2' WHERE `id` = 130 [ RunTime:0.0020s ]
SQL: UPDATE `think_commission_log` SET `status`='2' WHERE `id` = 131 [ RunTime:0.0018s ]
INFO: [ app_end ] --START--
INFO: Run Behavior\ShowPageTraceBehavior [ RunTime:0.000722s ]
INFO: [ app_end ] --END-- [ RunTime:0.000767s ]

[ 2016-08-29T09:41:58+08:00 ] ::1 /develop/Home/Test/jjsss
INFO: [ app_init ] --START--
INFO: Run Behavior\BuildLiteBehavior [ RunTime:0.000014s ]
INFO: [ app_init ] --END-- [ RunTime:0.000519s ]
INFO: [ app_begin ] --START--
INFO: Run Behavior\ReadHtmlCacheBehavior [ RunTime:0.000756s ]
INFO: [ app_begin ] --END-- [ RunTime:0.000812s ]
SQL: SHOW COLUMNS FROM `think_commission_log` [ RunTime:0.0019s ]
SQL: SELECT `id`,`sendid`,`goodsid`,`commission`,`createtime`,`status` FROM `think_commission_log` WHERE `sendid` = 6266 AND ( UNIX_TIMESTAMP(createtime) < UNIX_TIMESTAMP(SUBDATE(NOW(), INTERVAL 7 DAY)) )  [ RunTime:0.0014s ]
SQL: UPDATE `think_commission_log` SET `status`='2' WHERE `id` = 113 [ RunTime:0.0017s ]
SQL: UPDATE `think_commission_log` SET `status`='2' WHERE `id` = 130 [ RunTime:0.0013s ]
SQL: UPDATE `think_commission_log` SET `status`='2' WHERE `id` = 131 [ RunTime:0.0015s ]
INFO: [ app_end ] --START--
INFO: Run Behavior\ShowPageTraceBehavior [ RunTime:0.000895s ]
INFO: [ app_end ] --END-- [ RunTime:0.000970s ]

[ 2016-08-29T09:42:04+08:00 ] ::1 /develop/Home/Test/jjsss
INFO: [ app_init ] --START--
INFO: Run Behavior\BuildLiteBehavior [ RunTime:0.000022s ]
INFO: [ app_init ] --END-- [ RunTime:0.000869s ]
INFO: [ app_begin ] --START--
INFO: Run Behavior\ReadHtmlCacheBehavior [ RunTime:0.001135s ]
INFO: [ app_begin ] --END-- [ RunTime:0.001222s ]
SQL: SHOW COLUMNS FROM `think_commission_log` [ RunTime:0.0022s ]
SQL: SELECT `id`,`sendid`,`goodsid`,`commission`,`createtime`,`status` FROM `think_commission_log` WHERE `sendid` = 6266 AND ( UNIX_TIMESTAMP(createtime) < UNIX_TIMESTAMP(SUBDATE(NOW(), INTERVAL 7 DAY)) )  [ RunTime:0.0017s ]
SQL: UPDATE `think_commission_log` SET `status`='2' WHERE `id` = 113 [ RunTime:0.0015s ]
INFO: [ view_parse ] --START--
INFO: [ template_filter ] --START--
INFO: Run Behavior\ContentReplaceBehavior [ RunTime:0.000083s ]
INFO: [ template_filter ] --END-- [ RunTime:0.000168s ]
INFO: Run Behavior\ParseTemplateBehavior [ RunTime:0.039599s ]
INFO: [ view_parse ] --END-- [ RunTime:0.039708s ]
INFO: [ view_filter ] --START--
INFO: Run Behavior\WriteHtmlCacheBehavior [ RunTime:0.000746s ]
INFO: Run Behavior\TokenBuildBehavior [ RunTime:0.000939s ]
INFO: [ view_filter ] --END-- [ RunTime:0.001811s ]

[ 2016-08-29T09:43:04+08:00 ] ::1 /develop/Home/Test/jjsss
INFO: [ app_init ] --START--
INFO: Run Behavior\BuildLiteBehavior [ RunTime:0.000010s ]
INFO: [ app_init ] --END-- [ RunTime:0.000272s ]
INFO: [ app_begin ] --START--
INFO: Run Behavior\ReadHtmlCacheBehavior [ RunTime:0.000336s ]
INFO: [ app_begin ] --END-- [ RunTime:0.000368s ]
SQL: SHOW COLUMNS FROM `think_commission_log` [ RunTime:0.0020s ]
SQL: SELECT `id`,`sendid`,`goodsid`,`commission`,`createtime`,`status` FROM `think_commission_log` WHERE `sendid` = 6266 AND ( UNIX_TIMESTAMP(createtime) < UNIX_TIMESTAMP(SUBDATE(NOW(), INTERVAL 7 DAY)) )  [ RunTime:0.0015s ]
SQL: UPDATE `think_commission_log` SET `status`='2' WHERE `id` = 113 [ RunTime:0.0014s ]
SQL: UPDATE `think_commission_log` SET `status`='2' WHERE `id` = 130 [ RunTime:0.0014s ]
SQL: UPDATE `think_commission_log` SET `status`='2' WHERE `id` = 131 [ RunTime:0.0015s ]
INFO: [ app_end ] --START--
INFO: Run Behavior\ShowPageTraceBehavior [ RunTime:0.000505s ]
INFO: [ app_end ] --END-- [ RunTime:0.000542s ]

[ 2016-08-29T09:43:09+08:00 ] ::1 /develop/Home/Test/jjsss
INFO: [ app_init ] --START--
INFO: Run Behavior\BuildLiteBehavior [ RunTime:0.000039s ]
INFO: [ app_init ] --END-- [ RunTime:0.001062s ]
INFO: [ app_begin ] --START--
INFO: Run Behavior\ReadHtmlCacheBehavior [ RunTime:0.001001s ]
INFO: [ app_begin ] --END-- [ RunTime:0.001097s ]
SQL: SHOW COLUMNS FROM `think_commission_log` [ RunTime:0.0023s ]
SQL: SELECT `id`,`sendid`,`goodsid`,`commission`,`createtime`,`status` FROM `think_commission_log` WHERE `sendid` = 6266 AND ( UNIX_TIMESTAMP(createtime) < UNIX_TIMESTAMP(SUBDATE(NOW(), INTERVAL 7 DAY)) )  [ RunTime:0.0016s ]
SQL: UPDATE `think_commission_log` SET `status`='2' WHERE `id` = 113 [ RunTime:0.0014s ]
INFO: [ view_parse ] --START--
INFO: [ template_filter ] --START--
INFO: Run Behavior\ContentReplaceBehavior [ RunTime:0.000119s ]
INFO: [ template_filter ] --END-- [ RunTime:0.000283s ]
INFO: Run Behavior\ParseTemplateBehavior [ RunTime:0.013153s ]
INFO: [ view_parse ] --END-- [ RunTime:0.013257s ]
INFO: [ view_filter ] --START--
INFO: Run Behavior\WriteHtmlCacheBehavior [ RunTime:0.000814s ]
INFO: Run Behavior\TokenBuildBehavior [ RunTime:0.001176s ]
INFO: [ view_filter ] --END-- [ RunTime:0.002153s ]

[ 2016-08-29T09:44:05+08:00 ] ::1 /develop/Home/Test/jjsss
INFO: [ app_init ] --START--
INFO: Run Behavior\BuildLiteBehavior [ RunTime:0.000010s ]
INFO: [ app_init ] --END-- [ RunTime:0.000413s ]
INFO: [ app_begin ] --START--
INFO: Run Behavior\ReadHtmlCacheBehavior [ RunTime:0.000490s ]
INFO: [ app_begin ] --END-- [ RunTime:0.000524s ]
SQL: SHOW COLUMNS FROM `think_commission_log` [ RunTime:0.0022s ]
SQL: SELECT `id`,`sendid`,`goodsid`,`commission`,`createtime`,`status` FROM `think_commission_log` WHERE `sendid` = 6266 AND ( UNIX_TIMESTAMP(createtime) < UNIX_TIMESTAMP(SUBDATE(NOW(), INTERVAL 7 DAY)) )  [ RunTime:0.0017s ]
SQL: UPDATE `think_commission_log` SET `status`='2' WHERE `id` = 113 [ RunTime:0.0014s ]
SQL: UPDATE `think_commission_log` SET `status`='2' WHERE `id` = 130 [ RunTime:0.0014s ]
SQL: UPDATE `think_commission_log` SET `status`='2' WHERE `id` = 131 [ RunTime:0.0015s ]
INFO: [ app_end ] --START--
INFO: Run Behavior\ShowPageTraceBehavior [ RunTime:0.000609s ]
INFO: [ app_end ] --END-- [ RunTime:0.000641s ]

[ 2016-08-29T09:46:47+08:00 ] ::1 /develop/Home/Test/jjsss
INFO: [ app_init ] --START--
INFO: Run Behavior\BuildLiteBehavior [ RunTime:0.000019s ]
INFO: [ app_init ] --END-- [ RunTime:0.000692s ]
INFO: [ app_begin ] --START--
INFO: Run Behavior\ReadHtmlCacheBehavior [ RunTime:0.001639s ]
INFO: [ app_begin ] --END-- [ RunTime:0.001733s ]
SQL: SHOW COLUMNS FROM `think_commission_log` [ RunTime:0.0021s ]
SQL: SELECT `id`,`sendid`,`goodsid`,`commission`,`createtime`,`status` FROM `think_commission_log` WHERE `sendid` = 6266 AND ( UNIX_TIMESTAMP(createtime) < UNIX_TIMESTAMP(SUBDATE(NOW(), INTERVAL 7 DAY)) )  [ RunTime:0.0015s ]
SQL: UPDATE `think_commission_log` SET `status`='2' WHERE `id` = 113 [ RunTime:0.0014s ]
SQL: UPDATE `think_commission_log` SET `status`='2' WHERE `id` = 130 [ RunTime:0.0016s ]
SQL: UPDATE `think_commission_log` SET `status`='2' WHERE `id` = 131 [ RunTime:0.0012s ]
INFO: [ app_end ] --START--
INFO: Run Behavior\ShowPageTraceBehavior [ RunTime:0.001321s ]
INFO: [ app_end ] --END-- [ RunTime:0.001423s ]

[ 2016-08-29T09:46:57+08:00 ] ::1 /develop/Home/Test/jjsss
INFO: [ app_init ] --START--
INFO: Run Behavior\BuildLiteBehavior [ RunTime:0.000018s ]
INFO: [ app_init ] --END-- [ RunTime:0.000682s ]
INFO: [ app_begin ] --START--
INFO: Run Behavior\ReadHtmlCacheBehavior [ RunTime:0.000869s ]
INFO: [ app_begin ] --END-- [ RunTime:0.000936s ]
SQL: SHOW COLUMNS FROM `think_commission_log` [ RunTime:0.0021s ]
SQL: SELECT `id`,`sendid`,`goodsid`,`commission`,`createtime`,`status` FROM `think_commission_log` WHERE `sendid` = 6266 AND ( UNIX_TIMESTAMP(createtime) < UNIX_TIMESTAMP(SUBDATE(NOW(), INTERVAL 7 DAY)) )  [ RunTime:0.0015s ]
SQL: UPDATE `think_commission_log` SET `status`='2' WHERE `id` = 113 [ RunTime:0.0014s ]
SQL: UPDATE `think_commission_log` SET `status`='2' WHERE `id` = 130 [ RunTime:0.0014s ]
SQL: UPDATE `think_commission_log` SET `status`='2' WHERE `id` = 131 [ RunTime:0.0014s ]
INFO: [ app_end ] --START--
INFO: Run Behavior\ShowPageTraceBehavior [ RunTime:0.001074s ]
INFO: [ app_end ] --END-- [ RunTime:0.001148s ]

[ 2016-08-29T09:47:34+08:00 ] ::1 /develop/Home/Test/jjsss
INFO: [ app_init ] --START--
INFO: Run Behavior\BuildLiteBehavior [ RunTime:0.000015s ]
INFO: [ app_init ] --END-- [ RunTime:0.000541s ]
INFO: [ app_begin ] --START--
INFO: Run Behavior\ReadHtmlCacheBehavior [ RunTime:0.000645s ]
INFO: [ app_begin ] --END-- [ RunTime:0.000700s ]
SQL: SHOW COLUMNS FROM `think_commission_log` [ RunTime:0.0026s ]
SQL: SELECT `id`,`sendid`,`goodsid`,`commission`,`createtime`,`status` FROM `think_commission_log` WHERE `sendid` = 6266 AND ( UNIX_TIMESTAMP(createtime) < UNIX_TIMESTAMP(SUBDATE(NOW(), INTERVAL 7 DAY)) )  [ RunTime:0.0022s ]
SQL: UPDATE `think_commission_log` SET `status`='2' WHERE `id` = 113 [ RunTime:0.0014s ]
SQL: UPDATE `think_commission_log` SET `status`='2' WHERE `id` = 130 [ RunTime:0.0016s ]
SQL: UPDATE `think_commission_log` SET `status`='2' WHERE `id` = 131 [ RunTime:0.0016s ]
INFO: [ app_end ] --START--
INFO: Run Behavior\ShowPageTraceBehavior [ RunTime:0.000801s ]
INFO: [ app_end ] --END-- [ RunTime:0.000851s ]

[ 2016-08-29T09:47:47+08:00 ] ::1 /develop/Home/Test/jjsss
INFO: [ app_init ] --START--
INFO: Run Behavior\BuildLiteBehavior [ RunTime:0.000011s ]
INFO: [ app_init ] --END-- [ RunTime:0.000425s ]
INFO: [ app_begin ] --START--
INFO: Run Behavior\ReadHtmlCacheBehavior [ RunTime:0.000522s ]
INFO: [ app_begin ] --END-- [ RunTime:0.000564s ]
SQL: SHOW COLUMNS FROM `think_commission_log` [ RunTime:0.0026s ]
SQL: SELECT `id`,`sendid`,`goodsid`,`commission`,`createtime`,`status` FROM `think_commission_log` WHERE `sendid` = 6266 AND `status` = 1 AND ( UNIX_TIMESTAMP(createtime) < UNIX_TIMESTAMP(SUBDATE(NOW(), INTERVAL 7 DAY)) )  [ RunTime:0.0017s ]
SQL: UPDATE `think_commission_log` SET `status`='2' WHERE `id` = 132 [ RunTime:0.0014s ]
INFO: [ app_end ] --START--
INFO: Run Behavior\ShowPageTraceBehavior [ RunTime:0.001258s ]
INFO: [ app_end ] --END-- [ RunTime:0.001356s ]

[ 2016-08-29T09:48:00+08:00 ] ::1 /develop/Home/Test/jjsss
INFO: [ app_init ] --START--
INFO: Run Behavior\BuildLiteBehavior [ RunTime:0.000020s ]
INFO: [ app_init ] --END-- [ RunTime:0.000659s ]
INFO: [ app_begin ] --START--
INFO: Run Behavior\ReadHtmlCacheBehavior [ RunTime:0.001011s ]
INFO: [ app_begin ] --END-- [ RunTime:0.001118s ]
SQL: SHOW COLUMNS FROM `think_commission_log` [ RunTime:0.0017s ]
SQL: SELECT `id`,`sendid`,`goodsid`,`commission`,`createtime`,`status` FROM `think_commission_log` WHERE `sendid` = 6266 AND `status` = 1 AND ( UNIX_TIMESTAMP(createtime) < UNIX_TIMESTAMP(SUBDATE(NOW(), INTERVAL 7 DAY)) )  [ RunTime:0.0013s ]
INFO: [ app_end ] --START--
INFO: Run Behavior\ShowPageTraceBehavior [ RunTime:0.000580s ]
INFO: [ app_end ] --END-- [ RunTime:0.000615s ]

[ 2016-08-29T09:48:01+08:00 ] ::1 /develop/Home/Test/jjsss
INFO: [ app_init ] --START--
INFO: Run Behavior\BuildLiteBehavior [ RunTime:0.000019s ]
INFO: [ app_init ] --END-- [ RunTime:0.000650s ]
INFO: [ app_begin ] --START--
INFO: Run Behavior\ReadHtmlCacheBehavior [ RunTime:0.000934s ]
INFO: [ app_begin ] --END-- [ RunTime:0.001015s ]
SQL: SHOW COLUMNS FROM `think_commission_log` [ RunTime:0.0020s ]
SQL: SELECT `id`,`sendid`,`goodsid`,`commission`,`createtime`,`status` FROM `think_commission_log` WHERE `sendid` = 6266 AND `status` = 1 AND ( UNIX_TIMESTAMP(createtime) < UNIX_TIMESTAMP(SUBDATE(NOW(), INTERVAL 7 DAY)) )  [ RunTime:0.0014s ]
INFO: [ app_end ] --START--
INFO: Run Behavior\ShowPageTraceBehavior [ RunTime:0.001252s ]
INFO: [ app_end ] --END-- [ RunTime:0.001414s ]

[ 2016-08-29T09:48:02+08:00 ] ::1 /develop/Home/Test/jjsss
INFO: [ app_init ] --START--
INFO: Run Behavior\BuildLiteBehavior [ RunTime:0.000024s ]
INFO: [ app_init ] --END-- [ RunTime:0.000951s ]
INFO: [ app_begin ] --START--
INFO: Run Behavior\ReadHtmlCacheBehavior [ RunTime:0.001144s ]
INFO: [ app_begin ] --END-- [ RunTime:0.001246s ]
SQL: SHOW COLUMNS FROM `think_commission_log` [ RunTime:0.0017s ]
SQL: SELECT `id`,`sendid`,`goodsid`,`commission`,`createtime`,`status` FROM `think_commission_log` WHERE `sendid` = 6266 AND `status` = 1 AND ( UNIX_TIMESTAMP(createtime) < UNIX_TIMESTAMP(SUBDATE(NOW(), INTERVAL 7 DAY)) )  [ RunTime:0.0011s ]
INFO: [ app_end ] --START--
INFO: Run Behavior\ShowPageTraceBehavior [ RunTime:0.000732s ]
INFO: [ app_end ] --END-- [ RunTime:0.000780s ]

[ 2016-08-29T09:52:47+08:00 ] ::1 /develop/Home/Test/jjsss
INFO: [ app_init ] --START--
INFO: Run Behavior\BuildLiteBehavior [ RunTime:0.000019s ]
INFO: [ app_init ] --END-- [ RunTime:0.000767s ]
INFO: [ app_begin ] --START--
INFO: Run Behavior\ReadHtmlCacheBehavior [ RunTime:0.001035s ]
INFO: [ app_begin ] --END-- [ RunTime:0.001110s ]
SQL: SHOW COLUMNS FROM `think_commission_log` [ RunTime:0.0020s ]
SQL: SELECT `id`,`sendid`,`goodsid`,`commission`,`createtime`,`status` FROM `think_commission_log` WHERE `sendid` = 6266 AND `status` = 1 AND ( UNIX_TIMESTAMP(createtime) < UNIX_TIMESTAMP(SUBDATE(NOW(), INTERVAL 7 DAY)) )  [ RunTime:0.0014s ]
SQL: UPDATE `think_commission_log` SET `status`='2' WHERE `id` = 113 [ RunTime:0.0015s ]
SQL: UPDATE `think_commission_log` SET `status`='2' WHERE `id` = 130 [ RunTime:0.0016s ]
SQL: UPDATE `think_commission_log` SET `status`='2' WHERE `id` = 131 [ RunTime:0.0016s ]
INFO: [ app_end ] --START--
INFO: Run Behavior\ShowPageTraceBehavior [ RunTime:0.001153s ]
INFO: [ app_end ] --END-- [ RunTime:0.001222s ]

[ 2016-08-29T09:53:01+08:00 ] ::1 /develop/Home/Test/jjsss
INFO: [ app_init ] --START--
INFO: Run Behavior\BuildLiteBehavior [ RunTime:0.000020s ]
INFO: [ app_init ] --END-- [ RunTime:0.000716s ]
INFO: [ app_begin ] --START--
INFO: Run Behavior\ReadHtmlCacheBehavior [ RunTime:0.000901s ]
INFO: [ app_begin ] --END-- [ RunTime:0.000981s ]
SQL: SHOW COLUMNS FROM `think_commission_log` [ RunTime:0.0022s ]
SQL: SELECT `id`,`sendid`,`goodsid`,`commission`,`createtime`,`status` FROM `think_commission_log` WHERE `sendid` = 6266 AND `status` = 1 AND ( UNIX_TIMESTAMP(createtime) < UNIX_TIMESTAMP(SUBDATE(NOW(), INTERVAL 7 DAY)) )  [ RunTime:0.0016s ]
SQL: UPDATE `think_commission_log` SET `status`='2' WHERE `id` = 113 [ RunTime:0.0014s ]
SQL: UPDATE `think_commission_log` SET `status`='2' WHERE `id` = 130 [ RunTime:0.0015s ]
SQL: UPDATE `think_commission_log` SET `status`='2' WHERE `id` = 131 [ RunTime:0.0016s ]
INFO: [ app_end ] --START--
INFO: Run Behavior\ShowPageTraceBehavior [ RunTime:0.001496s ]
INFO: [ app_end ] --END-- [ RunTime:0.001606s ]

[ 2016-08-29T09:53:06+08:00 ] ::1 /develop/Home/Test/jjsss
INFO: [ app_init ] --START--
INFO: Run Behavior\BuildLiteBehavior [ RunTime:0.000020s ]
INFO: [ app_init ] --END-- [ RunTime:0.000722s ]
INFO: [ app_begin ] --START--
INFO: Run Behavior\ReadHtmlCacheBehavior [ RunTime:0.000960s ]
INFO: [ app_begin ] --END-- [ RunTime:0.001045s ]
SQL: SHOW COLUMNS FROM `think_commission_log` [ RunTime:0.0017s ]
SQL: SELECT `id`,`sendid`,`goodsid`,`commission`,`createtime`,`status` FROM `think_commission_log` WHERE `sendid` = 6266 AND `status` = 1 AND ( UNIX_TIMESTAMP(createtime) < UNIX_TIMESTAMP(SUBDATE(NOW(), INTERVAL 7 DAY)) )  [ RunTime:0.0014s ]
SQL: UPDATE `think_commission_log` SET `status`='2' WHERE `id` = 131 [ RunTime:0.0014s ]
SQL: UPDATE `think_commission_log` SET `status`='2' WHERE `id` = 132 [ RunTime:0.0016s ]
INFO: [ app_end ] --START--
INFO: Run Behavior\ShowPageTraceBehavior [ RunTime:0.000666s ]
INFO: [ app_end ] --END-- [ RunTime:0.000705s ]

[ 2016-08-29T09:53:13+08:00 ] ::1 /develop/Home/Test/jjsss
INFO: [ app_init ] --START--
INFO: Run Behavior\BuildLiteBehavior [ RunTime:0.000024s ]
INFO: [ app_init ] --END-- [ RunTime:0.000839s ]
INFO: [ app_begin ] --START--
INFO: Run Behavior\ReadHtmlCacheBehavior [ RunTime:0.000984s ]
INFO: [ app_begin ] --END-- [ RunTime:0.001070s ]
SQL: SHOW COLUMNS FROM `think_commission_log` [ RunTime:0.0023s ]
SQL: SELECT `id`,`sendid`,`goodsid`,`commission`,`createtime`,`status` FROM `think_commission_log` WHERE `sendid` = 6266 AND `status` = 1 AND ( UNIX_TIMESTAMP(createtime) < UNIX_TIMESTAMP(SUBDATE(NOW(), INTERVAL 7 DAY)) )  [ RunTime:0.0017s ]
SQL: UPDATE `think_commission_log` SET `status`='2' WHERE `id` = 132 [ RunTime:0.0016s ]
INFO: [ app_end ] --START--
INFO: Run Behavior\ShowPageTraceBehavior [ RunTime:0.000737s ]
INFO: [ app_end ] --END-- [ RunTime:0.000783s ]

[ 2016-08-29T09:53:52+08:00 ] ::1 /develop/Home/Test/jjsss
INFO: [ app_init ] --START--
INFO: Run Behavior\BuildLiteBehavior [ RunTime:0.000019s ]
INFO: [ app_init ] --END-- [ RunTime:0.000638s ]
INFO: [ app_begin ] --START--
INFO: Run Behavior\ReadHtmlCacheBehavior [ RunTime:0.000800s ]
INFO: [ app_begin ] --END-- [ RunTime:0.000867s ]
SQL: SHOW COLUMNS FROM `think_commission_log` [ RunTime:0.0020s ]
SQL: SELECT `id`,`sendid`,`goodsid`,`commission`,`createtime`,`status` FROM `think_commission_log` WHERE `sendid` = 6266 AND `status` = 1 AND ( UNIX_TIMESTAMP(createtime) < UNIX_TIMESTAMP(SUBDATE(NOW(), INTERVAL 7 DAY)) )  [ RunTime:0.0015s ]
SQL: UPDATE `think_commission_log` SET `status`='2' WHERE `id` = 113 [ RunTime:0.0016s ]
SQL: UPDATE `think_commission_log` SET `status`='2' WHERE `id` = 130 [ RunTime:0.0012s ]
SQL: UPDATE `think_commission_log` SET `status`='2' WHERE `id` = 131 [ RunTime:0.0015s ]
INFO: [ app_end ] --START--
INFO: Run Behavior\ShowPageTraceBehavior [ RunTime:0.001011s ]
INFO: [ app_end ] --END-- [ RunTime:0.001090s ]

[ 2016-08-29T09:57:40+08:00 ] ::1 /develop/Home/Test/jjsss
INFO: [ app_init ] --START--
INFO: Run Behavior\BuildLiteBehavior [ RunTime:0.000013s ]
INFO: [ app_init ] --END-- [ RunTime:0.000541s ]
INFO: [ app_begin ] --START--
INFO: Run Behavior\ReadHtmlCacheBehavior [ RunTime:0.000687s ]
INFO: [ app_begin ] --END-- [ RunTime:0.000735s ]
SQL: SHOW COLUMNS FROM `think_commission_log` [ RunTime:0.0020s ]
SQL: SELECT `id`,`sendid`,`goodsid`,`commission`,`createtime`,`status` FROM `think_commission_log` WHERE `sendid` = 6266 AND `status` = 1 AND ( UNIX_TIMESTAMP(createtime) < UNIX_TIMESTAMP(SUBDATE(NOW(), INTERVAL 7 DAY)) )  [ RunTime:0.0013s ]
SQL: UPDATE `think_commission_log` SET `status`='2' WHERE `id` = 113 [ RunTime:0.0015s ]
SQL: UPDATE `think_commission_log` SET `status`='2' WHERE `id` = 130 [ RunTime:0.0016s ]
SQL: UPDATE `think_commission_log` SET `status`='2' WHERE `id` = 131 [ RunTime:0.0016s ]
NOTIC: [8] Undefined index: validate C:\xampp\htdocs\develop\ThinkPHP\Library\Think\Model.class.php 第 1185 行.
NOTIC: [8] Undefined index: auto C:\xampp\htdocs\develop\ThinkPHP\Library\Think\Model.class.php 第 1128 行.
SQL: UPDATE `think_commission_log` SET `status`='2',`commission`='15' WHERE `id` = 131 [ RunTime:0.0022s ]
INFO: [ app_end ] --START--
INFO: Run Behavior\ShowPageTraceBehavior [ RunTime:0.000798s ]
INFO: [ app_end ] --END-- [ RunTime:0.000846s ]

[ 2016-08-29T09:58:21+08:00 ] ::1 /develop/Home/Test/jjsss
INFO: [ app_init ] --START--
INFO: Run Behavior\BuildLiteBehavior [ RunTime:0.000010s ]
INFO: [ app_init ] --END-- [ RunTime:0.000407s ]
INFO: [ app_begin ] --START--
INFO: Run Behavior\ReadHtmlCacheBehavior [ RunTime:0.000508s ]
INFO: [ app_begin ] --END-- [ RunTime:0.000549s ]
SQL: SHOW COLUMNS FROM `think_commission_log` [ RunTime:0.0022s ]
SQL: SELECT `id`,`sendid`,`goodsid`,`commission`,`createtime`,`status` FROM `think_commission_log` WHERE `sendid` = 6266 AND `status` = 1 AND ( UNIX_TIMESTAMP(createtime) < UNIX_TIMESTAMP(SUBDATE(NOW(), INTERVAL 7 DAY)) )  [ RunTime:0.0016s ]
SQL: UPDATE `think_commission_log` SET `status`='2' WHERE `id` = 132 [ RunTime:0.0015s ]
INFO: [ app_end ] --START--
INFO: Run Behavior\ShowPageTraceBehavior [ RunTime:0.000604s ]
INFO: [ app_end ] --END-- [ RunTime:0.000639s ]

[ 2016-08-29T09:58:52+08:00 ] ::1 /develop/Home/Test/jjsss
INFO: [ app_init ] --START--
INFO: Run Behavior\BuildLiteBehavior [ RunTime:0.000018s ]
INFO: [ app_init ] --END-- [ RunTime:0.000657s ]
INFO: [ app_begin ] --START--
INFO: Run Behavior\ReadHtmlCacheBehavior [ RunTime:0.000776s ]
INFO: [ app_begin ] --END-- [ RunTime:0.000843s ]
SQL: SHOW COLUMNS FROM `think_commission_log` [ RunTime:0.0021s ]
SQL: SELECT `id`,`sendid`,`goodsid`,`commission`,`createtime`,`status` FROM `think_commission_log` WHERE `sendid` = 6266 AND `status` = 1 AND ( UNIX_TIMESTAMP(createtime) < UNIX_TIMESTAMP(SUBDATE(NOW(), INTERVAL 7 DAY)) )  [ RunTime:0.0014s ]
INFO: [ app_end ] --START--
INFO: Run Behavior\ShowPageTraceBehavior [ RunTime:0.000975s ]
INFO: [ app_end ] --END-- [ RunTime:0.001038s ]

[ 2016-08-29T09:59:29+08:00 ] ::1 /develop/Home/Test/jjsss
INFO: [ app_init ] --START--
INFO: Run Behavior\BuildLiteBehavior [ RunTime:0.000017s ]
INFO: [ app_init ] --END-- [ RunTime:0.000603s ]
INFO: [ app_begin ] --START--
INFO: Run Behavior\ReadHtmlCacheBehavior [ RunTime:0.000724s ]
INFO: [ app_begin ] --END-- [ RunTime:0.000784s ]
SQL: SHOW COLUMNS FROM `think_commission_log` [ RunTime:0.0019s ]
SQL: SELECT `id`,`sendid`,`goodsid`,`commission`,`createtime`,`status` FROM `think_commission_log` WHERE `sendid` = 6266 AND `status` = 1 AND ( UNIX_TIMESTAMP(createtime) < UNIX_TIMESTAMP(SUBDATE(NOW(), INTERVAL 7 DAY)) )  [ RunTime:0.0015s ]
SQL: UPDATE `think_commission_log` SET `status`='2' WHERE `id` = 113 [ RunTime:0.0015s ]
SQL: UPDATE `think_commission_log` SET `status`='2' WHERE `id` = 130 [ RunTime:0.0019s ]
SQL: UPDATE `think_commission_log` SET `status`='2' WHERE `id` = 131 [ RunTime:0.0014s ]
NOTIC: [8] Undefined index: validate C:\xampp\htdocs\develop\ThinkPHP\Library\Think\Model.class.php 第 1185 行.
NOTIC: [8] Undefined index: auto C:\xampp\htdocs\develop\ThinkPHP\Library\Think\Model.class.php 第 1128 行.
SQL: UPDATE `think_commission_log` SET `status`='2',`commission`='15' WHERE `id` = 131 [ RunTime:0.0013s ]
INFO: [ app_end ] --START--
INFO: Run Behavior\ShowPageTraceBehavior [ RunTime:0.000805s ]
INFO: [ app_end ] --END-- [ RunTime:0.000855s ]

[ 2016-08-29T09:59:42+08:00 ] ::1 /develop/Home/Test/jjsss
INFO: [ app_init ] --START--
INFO: Run Behavior\BuildLiteBehavior [ RunTime:0.000023s ]
INFO: [ app_init ] --END-- [ RunTime:0.000822s ]
INFO: [ app_begin ] --START--
INFO: Run Behavior\ReadHtmlCacheBehavior [ RunTime:0.001423s ]
INFO: [ app_begin ] --END-- [ RunTime:0.001579s ]
SQL: SHOW COLUMNS FROM `think_commission_log` [ RunTime:0.0020s ]
SQL: SELECT `id`,`sendid`,`goodsid`,`commission`,`createtime`,`status` FROM `think_commission_log` WHERE `sendid` = 6266 AND `status` = 1 AND ( UNIX_TIMESTAMP(createtime) < UNIX_TIMESTAMP(SUBDATE(NOW(), INTERVAL 7 DAY)) )  [ RunTime:0.0015s ]
SQL: UPDATE `think_commission_log` SET `status`='2' WHERE `id` = 132 [ RunTime:0.0012s ]
INFO: [ app_end ] --START--
INFO: Run Behavior\ShowPageTraceBehavior [ RunTime:0.000723s ]
INFO: [ app_end ] --END-- [ RunTime:0.000776s ]

[ 2016-08-29T10:00:21+08:00 ] ::1 /develop/Home/Test/jjsss
INFO: [ app_init ] --START--
INFO: Run Behavior\BuildLiteBehavior [ RunTime:0.000013s ]
INFO: [ app_init ] --END-- [ RunTime:0.001159s ]
INFO: [ app_begin ] --START--
INFO: Run Behavior\ReadHtmlCacheBehavior [ RunTime:0.000637s ]
INFO: [ app_begin ] --END-- [ RunTime:0.000683s ]
SQL: SHOW COLUMNS FROM `think_commission_log` [ RunTime:0.0022s ]
SQL: SELECT `id`,`sendid`,`goodsid`,`commission`,`createtime`,`status` FROM `think_commission_log` WHERE `sendid` = 6266 AND `status` = 1 AND ( UNIX_TIMESTAMP(createtime) < UNIX_TIMESTAMP(SUBDATE(NOW(), INTERVAL 7 DAY)) )  [ RunTime:0.0016s ]
INFO: [ app_end ] --START--
INFO: Run Behavior\ShowPageTraceBehavior [ RunTime:0.000755s ]
INFO: [ app_end ] --END-- [ RunTime:0.000796s ]

[ 2016-08-29T10:00:28+08:00 ] ::1 /develop/Home/Test/jjsss
INFO: [ app_init ] --START--
INFO: Run Behavior\BuildLiteBehavior [ RunTime:0.000023s ]
INFO: [ app_init ] --END-- [ RunTime:0.000879s ]
INFO: [ app_begin ] --START--
INFO: Run Behavior\ReadHtmlCacheBehavior [ RunTime:0.001220s ]
INFO: [ app_begin ] --END-- [ RunTime:0.001315s ]
SQL: SHOW COLUMNS FROM `think_commission_log` [ RunTime:0.0020s ]
SQL: SELECT `id`,`sendid`,`goodsid`,`commission`,`createtime`,`status` FROM `think_commission_log` WHERE `sendid` = 6266 AND `status` = 1 AND ( UNIX_TIMESTAMP(createtime) < UNIX_TIMESTAMP(SUBDATE(NOW(), INTERVAL 7 DAY)) )  [ RunTime:0.0015s ]
SQL: UPDATE `think_commission_log` SET `status`='2' WHERE `id` = 131 [ RunTime:0.0013s ]
NOTIC: [8] Undefined index: validate C:\xampp\htdocs\develop\ThinkPHP\Library\Think\Model.class.php 第 1185 行.
NOTIC: [8] Undefined index: auto C:\xampp\htdocs\develop\ThinkPHP\Library\Think\Model.class.php 第 1128 行.
SQL: UPDATE `think_commission_log` SET `status`='1',`commission`='10' WHERE `id` = 131 [ RunTime:0.0015s ]
INFO: [ app_end ] --START--
INFO: Run Behavior\ShowPageTraceBehavior [ RunTime:0.001625s ]
INFO: [ app_end ] --END-- [ RunTime:0.001740s ]

[ 2016-08-29T10:00:33+08:00 ] ::1 /develop/Home/Test/jjsss
INFO: [ app_init ] --START--
INFO: Run Behavior\BuildLiteBehavior [ RunTime:0.000019s ]
INFO: [ app_init ] --END-- [ RunTime:0.000708s ]
INFO: [ app_begin ] --START--
INFO: Run Behavior\ReadHtmlCacheBehavior [ RunTime:0.000838s ]
INFO: [ app_begin ] --END-- [ RunTime:0.000914s ]
SQL: SHOW COLUMNS FROM `think_commission_log` [ RunTime:0.0018s ]
SQL: SELECT `id`,`sendid`,`goodsid`,`commission`,`createtime`,`status` FROM `think_commission_log` WHERE `sendid` = 6266 AND `status` = 1 AND ( UNIX_TIMESTAMP(createtime) < UNIX_TIMESTAMP(SUBDATE(NOW(), INTERVAL 7 DAY)) )  [ RunTime:0.0013s ]
SQL: UPDATE `think_commission_log` SET `status`='2' WHERE `id` = 131 [ RunTime:0.0014s ]
NOTIC: [8] Undefined index: validate C:\xampp\htdocs\develop\ThinkPHP\Library\Think\Model.class.php 第 1185 行.
NOTIC: [8] Undefined index: auto C:\xampp\htdocs\develop\ThinkPHP\Library\Think\Model.class.php 第 1128 行.
SQL: UPDATE `think_commission_log` SET `status`='1',`commission`='5' WHERE `id` = 131 [ RunTime:0.0014s ]
INFO: [ app_end ] --START--
INFO: Run Behavior\ShowPageTraceBehavior [ RunTime:0.000959s ]
INFO: [ app_end ] --END-- [ RunTime:0.001021s ]

[ 2016-08-29T10:00:38+08:00 ] ::1 /develop/Home/Test/jjsss
INFO: [ app_init ] --START--
INFO: Run Behavior\BuildLiteBehavior [ RunTime:0.000025s ]
INFO: [ app_init ] --END-- [ RunTime:0.000929s ]
INFO: [ app_begin ] --START--
INFO: Run Behavior\ReadHtmlCacheBehavior [ RunTime:0.001069s ]
INFO: [ app_begin ] --END-- [ RunTime:0.001150s ]
SQL: SHOW COLUMNS FROM `think_commission_log` [ RunTime:0.0023s ]
SQL: SELECT `id`,`sendid`,`goodsid`,`commission`,`createtime`,`status` FROM `think_commission_log` WHERE `sendid` = 6266 AND `status` = 1 AND ( UNIX_TIMESTAMP(createtime) < UNIX_TIMESTAMP(SUBDATE(NOW(), INTERVAL 7 DAY)) )  [ RunTime:0.0018s ]
SQL: UPDATE `think_commission_log` SET `status`='2' WHERE `id` = 131 [ RunTime:0.0014s ]
INFO: [ app_end ] --START--
INFO: Run Behavior\ShowPageTraceBehavior [ RunTime:0.000929s ]
INFO: [ app_end ] --END-- [ RunTime:0.001005s ]

[ 2016-08-29T10:00:50+08:00 ] ::1 /develop/Home/Test/jjsss
INFO: [ app_init ] --START--
INFO: Run Behavior\BuildLiteBehavior [ RunTime:0.000040s ]
INFO: [ app_init ] --END-- [ RunTime:0.001326s ]
INFO: [ app_begin ] --START--
INFO: Run Behavior\ReadHtmlCacheBehavior [ RunTime:0.001602s ]
INFO: [ app_begin ] --END-- [ RunTime:0.001748s ]
SQL: SHOW COLUMNS FROM `think_commission_log` [ RunTime:0.0019s ]
SQL: SELECT `id`,`sendid`,`goodsid`,`commission`,`createtime`,`status` FROM `think_commission_log` WHERE `sendid` = 6266 AND `status` = 1 AND ( UNIX_TIMESTAMP(createtime) < UNIX_TIMESTAMP(SUBDATE(NOW(), INTERVAL 7 DAY)) )  [ RunTime:0.0015s ]
INFO: [ app_end ] --START--
INFO: Run Behavior\ShowPageTraceBehavior [ RunTime:0.001033s ]
INFO: [ app_end ] --END-- [ RunTime:0.001099s ]

[ 2016-08-29T10:01:19+08:00 ] ::1 /develop/Home/Test/jjsss
INFO: [ app_init ] --START--
INFO: Run Behavior\BuildLiteBehavior [ RunTime:0.000019s ]
INFO: [ app_init ] --END-- [ RunTime:0.000731s ]
INFO: [ app_begin ] --START--
INFO: Run Behavior\ReadHtmlCacheBehavior [ RunTime:0.000825s ]
INFO: [ app_begin ] --END-- [ RunTime:0.000903s ]
SQL: SHOW COLUMNS FROM `think_commission_log` [ RunTime:0.0022s ]
SQL: SELECT `id`,`sendid`,`goodsid`,`commission`,`createtime`,`status` FROM `think_commission_log` WHERE `sendid` = 6266 AND `status` = 1 AND ( UNIX_TIMESTAMP(createtime) < UNIX_TIMESTAMP(SUBDATE(NOW(), INTERVAL 7 DAY)) )  [ RunTime:0.0018s ]
SQL: UPDATE `think_commission_log` SET `status`='2' WHERE `id` = 113 [ RunTime:0.0013s ]
SQL: UPDATE `think_commission_log` SET `status`='2' WHERE `id` = 130 [ RunTime:0.0013s ]
INFO: [ app_end ] --START--
INFO: Run Behavior\ShowPageTraceBehavior [ RunTime:0.001480s ]
INFO: [ app_end ] --END-- [ RunTime:0.001652s ]

[ 2016-08-29T10:01:26+08:00 ] ::1 /develop/Home/Test/jjsss
INFO: [ app_init ] --START--
INFO: Run Behavior\BuildLiteBehavior [ RunTime:0.000019s ]
INFO: [ app_init ] --END-- [ RunTime:0.000760s ]
INFO: [ app_begin ] --START--
INFO: Run Behavior\ReadHtmlCacheBehavior [ RunTime:0.001002s ]
INFO: [ app_begin ] --END-- [ RunTime:0.001078s ]
SQL: SHOW COLUMNS FROM `think_commission_log` [ RunTime:0.0019s ]
SQL: SELECT `id`,`sendid`,`goodsid`,`commission`,`createtime`,`status` FROM `think_commission_log` WHERE `sendid` = 6266 AND `status` = 1 AND ( UNIX_TIMESTAMP(createtime) < UNIX_TIMESTAMP(SUBDATE(NOW(), INTERVAL 7 DAY)) )  [ RunTime:0.0014s ]
SQL: UPDATE `think_commission_log` SET `status`='2' WHERE `id` = 131 [ RunTime:0.0015s ]
NOTIC: [8] Undefined index: validate C:\xampp\htdocs\develop\ThinkPHP\Library\Think\Model.class.php 第 1185 行.
NOTIC: [8] Undefined index: auto C:\xampp\htdocs\develop\ThinkPHP\Library\Think\Model.class.php 第 1128 行.
SQL: UPDATE `think_commission_log` SET `status`='1',`commission`='15' WHERE `id` = 131 [ RunTime:0.0017s ]
INFO: [ app_end ] --START--
INFO: Run Behavior\ShowPageTraceBehavior [ RunTime:0.000626s ]
INFO: [ app_end ] --END-- [ RunTime:0.000659s ]

[ 2016-08-29T10:01:37+08:00 ] ::1 /develop/Home/Test/jjsss
INFO: [ app_init ] --START--
INFO: Run Behavior\BuildLiteBehavior [ RunTime:0.000018s ]
INFO: [ app_init ] --END-- [ RunTime:0.000654s ]
INFO: [ app_begin ] --START--
INFO: Run Behavior\ReadHtmlCacheBehavior [ RunTime:0.000777s ]
INFO: [ app_begin ] --END-- [ RunTime:0.000843s ]
SQL: SHOW COLUMNS FROM `think_commission_log` [ RunTime:0.0022s ]
SQL: SELECT `id`,`sendid`,`goodsid`,`commission`,`createtime`,`status` FROM `think_commission_log` WHERE `sendid` = 6266 AND `status` = 1 AND ( UNIX_TIMESTAMP(createtime) < UNIX_TIMESTAMP(SUBDATE(NOW(), INTERVAL 7 DAY)) )  [ RunTime:0.0017s ]
SQL: UPDATE `think_commission_log` SET `status`='2' WHERE `id` = 131 [ RunTime:0.0014s ]
SQL: UPDATE `think_commission_log` SET `status`='2' WHERE `id` = 132 [ RunTime:0.0014s ]
INFO: [ app_end ] --START--
INFO: Run Behavior\ShowPageTraceBehavior [ RunTime:0.000642s ]
INFO: [ app_end ] --END-- [ RunTime:0.000682s ]

[ 2016-08-29T10:05:38+08:00 ] ::1 /develop/Home/Test/jjsss
INFO: [ app_init ] --START--
INFO: Run Behavior\BuildLiteBehavior [ RunTime:0.000018s ]
INFO: [ app_init ] --END-- [ RunTime:0.000744s ]
INFO: [ app_begin ] --START--
INFO: Run Behavior\ReadHtmlCacheBehavior [ RunTime:0.001238s ]
INFO: [ app_begin ] --END-- [ RunTime:0.001391s ]
SQL: SHOW COLUMNS FROM `think_commission_log` [ RunTime:0.0023s ]
SQL: SELECT `id`,`sendid`,`goodsid`,`commission`,`createtime`,`status` FROM `think_commission_log` WHERE `sendid` = 6266 AND `status` = 1 AND ( UNIX_TIMESTAMP(createtime) < UNIX_TIMESTAMP(SUBDATE(NOW(), INTERVAL 7 DAY)) )  [ RunTime:0.0016s ]
SQL: UPDATE `think_commission_log` SET `status`='2' WHERE `id` = 113 [ RunTime:0.0013s ]
SQL: UPDATE `think_commission_log` SET `status`='2' WHERE `id` = 130 [ RunTime:0.0014s ]
SQL: UPDATE `think_commission_log` SET `status`='2' WHERE `id` = 131 [ RunTime:0.0014s ]
NOTIC: [8] Undefined index: validate C:\xampp\htdocs\develop\ThinkPHP\Library\Think\Model.class.php 第 1185 行.
NOTIC: [8] Undefined index: auto C:\xampp\htdocs\develop\ThinkPHP\Library\Think\Model.class.php 第 1128 行.
SQL: UPDATE `think_commission_log` SET `status`='1',`commission`='12' WHERE `id` = 131 [ RunTime:0.0020s ]
INFO: [ app_end ] --START--
INFO: Run Behavior\ShowPageTraceBehavior [ RunTime:0.000968s ]
INFO: [ app_end ] --END-- [ RunTime:0.001043s ]

[ 2016-08-29T10:05:53+08:00 ] ::1 /develop/Home/Test/jjsss
INFO: [ app_init ] --START--
INFO: Run Behavior\BuildLiteBehavior [ RunTime:0.000027s ]
INFO: [ app_init ] --END-- [ RunTime:0.000984s ]
INFO: [ app_begin ] --START--
INFO: Run Behavior\ReadHtmlCacheBehavior [ RunTime:0.001151s ]
INFO: [ app_begin ] --END-- [ RunTime:0.001241s ]
SQL: SHOW COLUMNS FROM `think_commission_log` [ RunTime:0.0022s ]
SQL: SELECT `id`,`sendid`,`goodsid`,`commission`,`createtime`,`status` FROM `think_commission_log` WHERE `sendid` = 6266 AND `status` = 1 AND ( UNIX_TIMESTAMP(createtime) < UNIX_TIMESTAMP(SUBDATE(NOW(), INTERVAL 7 DAY)) )  [ RunTime:0.0016s ]
SQL: UPDATE `think_commission_log` SET `status`='2' WHERE `id` = 131 [ RunTime:0.0013s ]
NOTIC: [8] Undefined index: validate C:\xampp\htdocs\develop\ThinkPHP\Library\Think\Model.class.php 第 1185 行.
NOTIC: [8] Undefined index: auto C:\xampp\htdocs\develop\ThinkPHP\Library\Think\Model.class.php 第 1128 行.
SQL: UPDATE `think_commission_log` SET `status`='1',`commission`='7' WHERE `id` = 131 [ RunTime:0.0016s ]
INFO: [ app_end ] --START--
INFO: Run Behavior\ShowPageTraceBehavior [ RunTime:0.000831s ]
INFO: [ app_end ] --END-- [ RunTime:0.000884s ]

[ 2016-08-29T10:05:57+08:00 ] ::1 /develop/Home/Test/jjsss
INFO: [ app_init ] --START--
INFO: Run Behavior\BuildLiteBehavior [ RunTime:0.000017s ]
INFO: [ app_init ] --END-- [ RunTime:0.000639s ]
INFO: [ app_begin ] --START--
INFO: Run Behavior\ReadHtmlCacheBehavior [ RunTime:0.000781s ]
INFO: [ app_begin ] --END-- [ RunTime:0.000847s ]
SQL: SHOW COLUMNS FROM `think_commission_log` [ RunTime:0.0020s ]
SQL: SELECT `id`,`sendid`,`goodsid`,`commission`,`createtime`,`status` FROM `think_commission_log` WHERE `sendid` = 6266 AND `status` = 1 AND ( UNIX_TIMESTAMP(createtime) < UNIX_TIMESTAMP(SUBDATE(NOW(), INTERVAL 7 DAY)) )  [ RunTime:0.0016s ]
SQL: UPDATE `think_commission_log` SET `status`='2' WHERE `id` = 131 [ RunTime:0.0014s ]
NOTIC: [8] Undefined index: validate C:\xampp\htdocs\develop\ThinkPHP\Library\Think\Model.class.php 第 1185 行.
NOTIC: [8] Undefined index: auto C:\xampp\htdocs\develop\ThinkPHP\Library\Think\Model.class.php 第 1128 行.
SQL: UPDATE `think_commission_log` SET `status`='1',`commission`='2' WHERE `id` = 131 [ RunTime:0.0016s ]
INFO: [ app_end ] --START--
INFO: Run Behavior\ShowPageTraceBehavior [ RunTime:0.000916s ]
INFO: [ app_end ] --END-- [ RunTime:0.000954s ]

[ 2016-08-29T10:06:00+08:00 ] ::1 /develop/Home/Test/jjsss
INFO: [ app_init ] --START--
INFO: Run Behavior\BuildLiteBehavior [ RunTime:0.000019s ]
INFO: [ app_init ] --END-- [ RunTime:0.000705s ]
INFO: [ app_begin ] --START--
INFO: Run Behavior\ReadHtmlCacheBehavior [ RunTime:0.000861s ]
INFO: [ app_begin ] --END-- [ RunTime:0.000935s ]
SQL: SHOW COLUMNS FROM `think_commission_log` [ RunTime:0.0022s ]
SQL: SELECT `id`,`sendid`,`goodsid`,`commission`,`createtime`,`status` FROM `think_commission_log` WHERE `sendid` = 6266 AND `status` = 1 AND ( UNIX_TIMESTAMP(createtime) < UNIX_TIMESTAMP(SUBDATE(NOW(), INTERVAL 7 DAY)) )  [ RunTime:0.0017s ]
SQL: UPDATE `think_commission_log` SET `status`='2' WHERE `id` = 131 [ RunTime:0.0014s ]
SQL: UPDATE `think_commission_log` SET `status`='2' WHERE `id` = 132 [ RunTime:0.0015s ]
INFO: [ app_end ] --START--
INFO: Run Behavior\ShowPageTraceBehavior [ RunTime:0.001007s ]
INFO: [ app_end ] --END-- [ RunTime:0.001074s ]

[ 2016-08-29T10:09:32+08:00 ] ::1 /develop/Home/Test/jjsss
INFO: [ app_init ] --START--
INFO: Run Behavior\BuildLiteBehavior [ RunTime:0.000019s ]
INFO: [ app_init ] --END-- [ RunTime:0.000771s ]
INFO: [ app_begin ] --START--
INFO: Run Behavior\ReadHtmlCacheBehavior [ RunTime:0.001031s ]
INFO: [ app_begin ] --END-- [ RunTime:0.001116s ]
SQL: SHOW COLUMNS FROM `think_commission_log` [ RunTime:0.0022s ]
SQL: SELECT `id`,`sendid`,`goodsid`,`commission`,`createtime`,`status` FROM `think_commission_log` WHERE `sendid` = 6266 AND `status` = 1 AND ( UNIX_TIMESTAMP(createtime) < UNIX_TIMESTAMP(SUBDATE(NOW(), INTERVAL 7 DAY)) )  [ RunTime:0.0015s ]
NOTIC: [8] Undefined variable: p C:\xampp\htdocs\develop\Application\Home\Controller\TestController.class.php 第 123 行.
INFO: [ view_parse ] --START--
INFO: [ template_filter ] --START--
INFO: Run Behavior\ContentReplaceBehavior [ RunTime:0.000061s ]
INFO: [ template_filter ] --END-- [ RunTime:0.000135s ]
INFO: Run Behavior\ParseTemplateBehavior [ RunTime:0.009531s ]
INFO: [ view_parse ] --END-- [ RunTime:0.009609s ]
INFO: [ view_filter ] --START--
INFO: Run Behavior\WriteHtmlCacheBehavior [ RunTime:0.000730s ]
INFO: Run Behavior\TokenBuildBehavior [ RunTime:0.000932s ]
INFO: [ view_filter ] --END-- [ RunTime:0.001766s ]

[ 2016-08-29T10:09:58+08:00 ] ::1 /develop/Home/Test/jjsss
INFO: [ app_init ] --START--
INFO: Run Behavior\BuildLiteBehavior [ RunTime:0.000023s ]
INFO: [ app_init ] --END-- [ RunTime:0.000886s ]
INFO: [ app_begin ] --START--
INFO: Run Behavior\ReadHtmlCacheBehavior [ RunTime:0.000493s ]
INFO: [ app_begin ] --END-- [ RunTime:0.000530s ]
SQL: SHOW COLUMNS FROM `think_commission_log` [ RunTime:0.0021s ]
SQL: SELECT `id`,`sendid`,`goodsid`,`commission`,`createtime`,`status` FROM `think_commission_log` WHERE `sendid` = 6266 AND `status` = 1 AND ( UNIX_TIMESTAMP(createtime) < UNIX_TIMESTAMP(SUBDATE(NOW(), INTERVAL 7 DAY)) )  [ RunTime:0.0016s ]
NOTIC: [8] Undefined variable: p C:\xampp\htdocs\develop\Application\Home\Controller\TestController.class.php 第 121 行.
INFO: [ view_parse ] --START--
INFO: [ template_filter ] --START--
INFO: Run Behavior\ContentReplaceBehavior [ RunTime:0.000027s ]
INFO: [ template_filter ] --END-- [ RunTime:0.000070s ]
INFO: Run Behavior\ParseTemplateBehavior [ RunTime:0.004104s ]
INFO: [ view_parse ] --END-- [ RunTime:0.004157s ]
INFO: [ view_filter ] --START--
INFO: Run Behavior\WriteHtmlCacheBehavior [ RunTime:0.000291s ]
INFO: Run Behavior\TokenBuildBehavior [ RunTime:0.000378s ]
INFO: [ view_filter ] --END-- [ RunTime:0.000724s ]

[ 2016-08-29T10:09:59+08:00 ] ::1 /develop/Home/Test/jjsss
INFO: [ app_init ] --START--
INFO: Run Behavior\BuildLiteBehavior [ RunTime:0.000019s ]
INFO: [ app_init ] --END-- [ RunTime:0.000943s ]
INFO: [ app_begin ] --START--
INFO: Run Behavior\ReadHtmlCacheBehavior [ RunTime:0.000810s ]
INFO: [ app_begin ] --END-- [ RunTime:0.000893s ]
SQL: SHOW COLUMNS FROM `think_commission_log` [ RunTime:0.0019s ]
SQL: SELECT `id`,`sendid`,`goodsid`,`commission`,`createtime`,`status` FROM `think_commission_log` WHERE `sendid` = 6266 AND `status` = 1 AND ( UNIX_TIMESTAMP(createtime) < UNIX_TIMESTAMP(SUBDATE(NOW(), INTERVAL 7 DAY)) )  [ RunTime:0.0015s ]
NOTIC: [8] Undefined variable: p C:\xampp\htdocs\develop\Application\Home\Controller\TestController.class.php 第 121 行.
INFO: [ view_parse ] --START--
INFO: [ template_filter ] --START--
INFO: Run Behavior\ContentReplaceBehavior [ RunTime:0.000026s ]
INFO: [ template_filter ] --END-- [ RunTime:0.000064s ]
INFO: Run Behavior\ParseTemplateBehavior [ RunTime:0.003577s ]
INFO: [ view_parse ] --END-- [ RunTime:0.003620s ]
INFO: [ view_filter ] --START--
INFO: Run Behavior\WriteHtmlCacheBehavior [ RunTime:0.000292s ]
INFO: Run Behavior\TokenBuildBehavior [ RunTime:0.000371s ]
INFO: [ view_filter ] --END-- [ RunTime:0.000707s ]

[ 2016-08-29T10:10:00+08:00 ] ::1 /develop/Home/Test/jjsss
INFO: [ app_init ] --START--
INFO: Run Behavior\BuildLiteBehavior [ RunTime:0.000012s ]
INFO: [ app_init ] --END-- [ RunTime:0.000306s ]
INFO: [ app_begin ] --START--
INFO: Run Behavior\ReadHtmlCacheBehavior [ RunTime:0.000535s ]
INFO: [ app_begin ] --END-- [ RunTime:0.000652s ]
SQL: SHOW COLUMNS FROM `think_commission_log` [ RunTime:0.0021s ]
SQL: SELECT `id`,`sendid`,`goodsid`,`commission`,`createtime`,`status` FROM `think_commission_log` WHERE `sendid` = 6266 AND `status` = 1 AND ( UNIX_TIMESTAMP(createtime) < UNIX_TIMESTAMP(SUBDATE(NOW(), INTERVAL 7 DAY)) )  [ RunTime:0.0016s ]
NOTIC: [8] Undefined variable: p C:\xampp\htdocs\develop\Application\Home\Controller\TestController.class.php 第 121 行.
INFO: [ view_parse ] --START--
INFO: [ template_filter ] --START--
INFO: Run Behavior\ContentReplaceBehavior [ RunTime:0.000034s ]
INFO: [ template_filter ] --END-- [ RunTime:0.000091s ]
INFO: Run Behavior\ParseTemplateBehavior [ RunTime:0.004779s ]
INFO: [ view_parse ] --END-- [ RunTime:0.004851s ]
INFO: [ view_filter ] --START--
INFO: Run Behavior\WriteHtmlCacheBehavior [ RunTime:0.000261s ]
INFO: Run Behavior\TokenBuildBehavior [ RunTime:0.000321s ]
INFO: [ view_filter ] --END-- [ RunTime:0.000631s ]

[ 2016-08-29T10:10:01+08:00 ] ::1 /develop/Home/Test/jjsss
INFO: [ app_init ] --START--
INFO: Run Behavior\BuildLiteBehavior [ RunTime:0.000018s ]
INFO: [ app_init ] --END-- [ RunTime:0.000449s ]
INFO: [ app_begin ] --START--
INFO: Run Behavior\ReadHtmlCacheBehavior [ RunTime:0.000565s ]
INFO: [ app_begin ] --END-- [ RunTime:0.000627s ]
SQL: SHOW COLUMNS FROM `think_commission_log` [ RunTime:0.0017s ]
SQL: SELECT `id`,`sendid`,`goodsid`,`commission`,`createtime`,`status` FROM `think_commission_log` WHERE `sendid` = 6266 AND `status` = 1 AND ( UNIX_TIMESTAMP(createtime) < UNIX_TIMESTAMP(SUBDATE(NOW(), INTERVAL 7 DAY)) )  [ RunTime:0.0013s ]
NOTIC: [8] Undefined variable: p C:\xampp\htdocs\develop\Application\Home\Controller\TestController.class.php 第 121 行.
INFO: [ view_parse ] --START--
INFO: [ template_filter ] --START--
INFO: Run Behavior\ContentReplaceBehavior [ RunTime:0.000047s ]
INFO: [ template_filter ] --END-- [ RunTime:0.000128s ]
INFO: Run Behavior\ParseTemplateBehavior [ RunTime:0.006196s ]
INFO: [ view_parse ] --END-- [ RunTime:0.006275s ]
INFO: [ view_filter ] --START--
INFO: Run Behavior\WriteHtmlCacheBehavior [ RunTime:0.000352s ]
INFO: Run Behavior\TokenBuildBehavior [ RunTime:0.000477s ]
INFO: [ view_filter ] --END-- [ RunTime:0.000904s ]

[ 2016-08-29T10:10:03+08:00 ] ::1 /develop/Home/Test/jjsss
INFO: [ app_init ] --START--
INFO: Run Behavior\BuildLiteBehavior [ RunTime:0.000011s ]
INFO: [ app_init ] --END-- [ RunTime:0.000306s ]
INFO: [ app_begin ] --START--
INFO: Run Behavior\ReadHtmlCacheBehavior [ RunTime:0.000369s ]
INFO: [ app_begin ] --END-- [ RunTime:0.000406s ]
SQL: SHOW COLUMNS FROM `think_commission_log` [ RunTime:0.0019s ]
SQL: SELECT `id`,`sendid`,`goodsid`,`commission`,`createtime`,`status` FROM `think_commission_log` WHERE `sendid` = 6266 AND `status` = 1 AND ( UNIX_TIMESTAMP(createtime) < UNIX_TIMESTAMP(SUBDATE(NOW(), INTERVAL 7 DAY)) )  [ RunTime:0.0014s ]
NOTIC: [8] Undefined variable: p C:\xampp\htdocs\develop\Application\Home\Controller\TestController.class.php 第 121 行.
INFO: [ view_parse ] --START--
INFO: [ template_filter ] --START--
INFO: Run Behavior\ContentReplaceBehavior [ RunTime:0.000049s ]
INFO: [ template_filter ] --END-- [ RunTime:0.000133s ]
INFO: Run Behavior\ParseTemplateBehavior [ RunTime:0.005847s ]
INFO: [ view_parse ] --END-- [ RunTime:0.005926s ]
INFO: [ view_filter ] --START--
INFO: Run Behavior\WriteHtmlCacheBehavior [ RunTime:0.000376s ]
INFO: Run Behavior\TokenBuildBehavior [ RunTime:0.000499s ]
INFO: [ view_filter ] --END-- [ RunTime:0.000951s ]

[ 2016-08-29T10:10:03+08:00 ] ::1 /develop/Home/Test/jjsss
INFO: [ app_init ] --START--
INFO: Run Behavior\BuildLiteBehavior [ RunTime:0.000012s ]
INFO: [ app_init ] --END-- [ RunTime:0.000312s ]
INFO: [ app_begin ] --START--
INFO: Run Behavior\ReadHtmlCacheBehavior [ RunTime:0.000383s ]
INFO: [ app_begin ] --END-- [ RunTime:0.000424s ]
SQL: SHOW COLUMNS FROM `think_commission_log` [ RunTime:0.0018s ]
SQL: SELECT `id`,`sendid`,`goodsid`,`commission`,`createtime`,`status` FROM `think_commission_log` WHERE `sendid` = 6266 AND `status` = 1 AND ( UNIX_TIMESTAMP(createtime) < UNIX_TIMESTAMP(SUBDATE(NOW(), INTERVAL 7 DAY)) )  [ RunTime:0.0013s ]
NOTIC: [8] Undefined variable: p C:\xampp\htdocs\develop\Application\Home\Controller\TestController.class.php 第 121 行.
INFO: [ view_parse ] --START--
INFO: [ template_filter ] --START--
INFO: Run Behavior\ContentReplaceBehavior [ RunTime:0.000038s ]
INFO: [ template_filter ] --END-- [ RunTime:0.000101s ]
INFO: Run Behavior\ParseTemplateBehavior [ RunTime:0.004315s ]
INFO: [ view_parse ] --END-- [ RunTime:0.004384s ]
INFO: [ view_filter ] --START--
INFO: Run Behavior\WriteHtmlCacheBehavior [ RunTime:0.000267s ]
INFO: Run Behavior\TokenBuildBehavior [ RunTime:0.000348s ]
INFO: [ view_filter ] --END-- [ RunTime:0.000671s ]

[ 2016-08-29T10:30:22+08:00 ] ::1 /develop/Home/Test/jjsss
INFO: [ app_init ] --START--
INFO: Run Behavior\BuildLiteBehavior [ RunTime:0.000016s ]
INFO: [ app_init ] --END-- [ RunTime:0.000591s ]
INFO: [ app_begin ] --START--
INFO: Run Behavior\ReadHtmlCacheBehavior [ RunTime:0.000751s ]
INFO: [ app_begin ] --END-- [ RunTime:0.000805s ]
SQL: SHOW COLUMNS FROM `think_receive` [ RunTime:0.0021s ]
SQL: SHOW COLUMNS FROM `think_commission_log` [ RunTime:0.0020s ]
ERR: Think\Controller:userinfo方法不存在！

[ 2016-08-29T10:34:08+08:00 ] ::1 /develop/Home/Test/jjsss
INFO: [ app_init ] --START--
INFO: Run Behavior\BuildLiteBehavior [ RunTime:0.000010s ]
INFO: [ app_init ] --END-- [ RunTime:0.000375s ]
INFO: [ app_begin ] --START--
INFO: Run Behavior\ReadHtmlCacheBehavior [ RunTime:0.000803s ]
INFO: [ app_begin ] --END-- [ RunTime:0.000881s ]
SQL: SHOW COLUMNS FROM `think_receive` [ RunTime:0.0021s ]
SQL: SHOW COLUMNS FROM `think_commission_log` [ RunTime:0.0020s ]
ERR: Think\Controller:userinfo方法不存在！

[ 2016-08-29T10:34:10+08:00 ] ::1 /develop/Home/Test/jjsss
INFO: [ app_init ] --START--
INFO: Run Behavior\BuildLiteBehavior [ RunTime:0.000011s ]
INFO: [ app_init ] --END-- [ RunTime:0.000367s ]
INFO: [ app_begin ] --START--
INFO: Run Behavior\ReadHtmlCacheBehavior [ RunTime:0.000389s ]
INFO: [ app_begin ] --END-- [ RunTime:0.000429s ]
SQL: SHOW COLUMNS FROM `think_receive` [ RunTime:0.0019s ]
SQL: SHOW COLUMNS FROM `think_commission_log` [ RunTime:0.0020s ]
ERR: Think\Controller:userinfo方法不存在！

[ 2016-08-29T10:34:21+08:00 ] ::1 /develop/Home/Test/jjsss
INFO: [ app_init ] --START--
INFO: Run Behavior\BuildLiteBehavior [ RunTime:0.000020s ]
INFO: [ app_init ] --END-- [ RunTime:0.000770s ]
INFO: [ app_begin ] --START--
INFO: Run Behavior\ReadHtmlCacheBehavior [ RunTime:0.001003s ]
INFO: [ app_begin ] --END-- [ RunTime:0.001078s ]
SQL: SHOW COLUMNS FROM `think_receive` [ RunTime:0.0020s ]
SQL: SHOW COLUMNS FROM `think_commission_log` [ RunTime:0.0019s ]
INFO: [ view_parse ] --START--
INFO: [ template_filter ] --START--
INFO: Run Behavior\ContentReplaceBehavior [ RunTime:0.000036s ]
INFO: [ template_filter ] --END-- [ RunTime:0.000081s ]
INFO: Run Behavior\ParseTemplateBehavior [ RunTime:0.004810s ]
INFO: [ view_parse ] --END-- [ RunTime:0.004854s ]
INFO: [ view_filter ] --START--
INFO: Run Behavior\WriteHtmlCacheBehavior [ RunTime:0.000411s ]
INFO: Run Behavior\TokenBuildBehavior [ RunTime:0.000523s ]
INFO: [ view_filter ] --END-- [ RunTime:0.000990s ]

[ 2016-08-29T10:34:42+08:00 ] ::1 /develop/Home/Test/jjsss
INFO: [ app_init ] --START--
INFO: Run Behavior\BuildLiteBehavior [ RunTime:0.000019s ]
INFO: [ app_init ] --END-- [ RunTime:0.000720s ]
INFO: [ app_begin ] --START--
INFO: Run Behavior\ReadHtmlCacheBehavior [ RunTime:0.000861s ]
INFO: [ app_begin ] --END-- [ RunTime:0.000936s ]
SQL: SHOW COLUMNS FROM `think_receive` [ RunTime:0.0021s ]
SQL: SHOW COLUMNS FROM `think_commission_log` [ RunTime:0.0019s ]
INFO: [ view_parse ] --START--
INFO: [ template_filter ] --START--
INFO: Run Behavior\ContentReplaceBehavior [ RunTime:0.000035s ]
INFO: [ template_filter ] --END-- [ RunTime:0.000089s ]
INFO: Run Behavior\ParseTemplateBehavior [ RunTime:0.004864s ]
INFO: [ view_parse ] --END-- [ RunTime:0.004913s ]
INFO: [ view_filter ] --START--
INFO: Run Behavior\WriteHtmlCacheBehavior [ RunTime:0.000394s ]
INFO: Run Behavior\TokenBuildBehavior [ RunTime:0.000485s ]
INFO: [ view_filter ] --END-- [ RunTime:0.000933s ]

[ 2016-08-29T10:34:50+08:00 ] ::1 /develop/Home/Test/jjsss
INFO: [ app_init ] --START--
INFO: Run Behavior\BuildLiteBehavior [ RunTime:0.000022s ]
INFO: [ app_init ] --END-- [ RunTime:0.000832s ]
INFO: [ app_begin ] --START--
INFO: Run Behavior\ReadHtmlCacheBehavior [ RunTime:0.001153s ]
INFO: [ app_begin ] --END-- [ RunTime:0.001240s ]
SQL: SHOW COLUMNS FROM `think_receive` [ RunTime:0.0020s ]
SQL: SHOW COLUMNS FROM `think_commission_log` [ RunTime:0.0020s ]
INFO: [ view_parse ] --START--
INFO: [ template_filter ] --START--
INFO: Run Behavior\ContentReplaceBehavior [ RunTime:0.000032s ]
INFO: [ template_filter ] --END-- [ RunTime:0.000083s ]
INFO: Run Behavior\ParseTemplateBehavior [ RunTime:0.004904s ]
INFO: [ view_parse ] --END-- [ RunTime:0.004948s ]
INFO: [ view_filter ] --START--
INFO: Run Behavior\WriteHtmlCacheBehavior [ RunTime:0.000385s ]
INFO: Run Behavior\TokenBuildBehavior [ RunTime:0.000500s ]
INFO: [ view_filter ] --END-- [ RunTime:0.000940s ]

[ 2016-08-29T10:34:51+08:00 ] ::1 /develop/Home/Test/jjsss
INFO: [ app_init ] --START--
INFO: Run Behavior\BuildLiteBehavior [ RunTime:0.000017s ]
INFO: [ app_init ] --END-- [ RunTime:0.000643s ]
INFO: [ app_begin ] --START--
INFO: Run Behavior\ReadHtmlCacheBehavior [ RunTime:0.001009s ]
INFO: [ app_begin ] --END-- [ RunTime:0.001092s ]
SQL: SHOW COLUMNS FROM `think_receive` [ RunTime:0.0017s ]
SQL: SHOW COLUMNS FROM `think_commission_log` [ RunTime:0.0018s ]
INFO: [ view_parse ] --START--
INFO: [ template_filter ] --START--
INFO: Run Behavior\ContentReplaceBehavior [ RunTime:0.000050s ]
INFO: [ template_filter ] --END-- [ RunTime:0.000133s ]
INFO: Run Behavior\ParseTemplateBehavior [ RunTime:0.007357s ]
INFO: [ view_parse ] --END-- [ RunTime:0.007424s ]
INFO: [ view_filter ] --START--
INFO: Run Behavior\WriteHtmlCacheBehavior [ RunTime:0.000526s ]
INFO: Run Behavior\TokenBuildBehavior [ RunTime:0.000696s ]
INFO: [ view_filter ] --END-- [ RunTime:0.001319s ]

