[ 2016-07-26T09:12:20+08:00 ] ::1 /develop/Home/Recommend/Register.shtml?realname=%E5%BD%AD%E5%8B%83&Phone=13981872077
ERR: 非法操作:Register

[ 2016-07-26T09:24:10+08:00 ] ::1 /develop/Home/Recommend/Register.shtml?realname=&Phone=
ERR: 非法操作:Register

[ 2016-07-26T09:25:40+08:00 ] ::1 /develop/Home/Recommend/Register.shtml?CustomerName=&CustomerPhone=
ERR: 非法操作:Register

[ 2016-07-26T09:45:42+08:00 ] ::1 /develop/Home/Recommend/Register.shtml?CustomerName=&CustomerPhone=
ERR: 非法操作:Register

[ 2016-07-26T09:53:20+08:00 ] ::1 /develop/Home/Recommend/Register.shtml?CustomerName=&CustomerPhone=
ERR: 非法操作:Register

[ 2016-07-26T09:55:45+08:00 ] ::1 /develop/Home/Recommend/Register.shtml?CustomerName=&CustomerPhone=
ERR: 非法操作:Register

[ 2016-07-26T09:56:14+08:00 ] ::1 /develop/Home/Recommend/Register.shtml?CustomerName=&CustomerPhone=
ERR: 非法操作:Register

[ 2016-07-26T09:56:57+08:00 ] ::1 /develop/Home/Recommend/Register.shtml?CustomerName=&CustomerPhone=
ERR: 非法操作:Register

[ 2016-07-26T10:09:29+08:00 ] ::1 /develop/Home/Index
ERR: 1064:You have an error in your SQL syntax; check the manual that corresponds to your MariaDB server version for the right syntax to use near '.`userid`=`User`.`id`   LIMIT 1' at line 1
 [ SQL语句 ] : SELECT COUNT(*) AS tp_count FROM `user`  RIGHT JOIN `Customer` `Customer`.`userid`=`User`.`id`   LIMIT 1  

[ 2016-07-26T15:42:55+08:00 ] ::1 /develop/Home/Customer/getinfo.shtml
INFO: [ app_begin ] --START--
INFO: Run Behavior\ReadHtmlCacheBehavior [ RunTime:0.000275s ]
INFO: [ app_begin ] --END-- [ RunTime:0.000466s ]
SQL: SHOW COLUMNS FROM `customer` [ RunTime:0.0030s ]
SQL: SELECT * FROM `customer` WHERE `userid` = 6172 AND `id` = 0  [ RunTime:0.0005s ]
INFO: [ app_end ] --START--
INFO: Run Behavior\ShowPageTraceBehavior [ RunTime:0.000453s ]
INFO: [ app_end ] --END-- [ RunTime:0.000481s ]

[ 2016-07-26T15:44:02+08:00 ] ::1 /develop/Home/Customer/getinfo.shtml
INFO: [ app_begin ] --START--
INFO: Run Behavior\ReadHtmlCacheBehavior [ RunTime:0.000276s ]
INFO: [ app_begin ] --END-- [ RunTime:0.000467s ]
SQL: SHOW COLUMNS FROM `customer` [ RunTime:0.0016s ]
SQL: SELECT * FROM `customer` WHERE `userid` = 6172 AND `id` = 0  [ RunTime:0.0002s ]

[ 2016-07-26T15:44:28+08:00 ] ::1 /develop/Home/Customer/getinfo.shtml
INFO: [ app_begin ] --START--
INFO: Run Behavior\ReadHtmlCacheBehavior [ RunTime:0.000273s ]
INFO: [ app_begin ] --END-- [ RunTime:0.000463s ]
SQL: SHOW COLUMNS FROM `customer` [ RunTime:0.0017s ]
SQL: SELECT * FROM `customer` WHERE `userid` = 6172 AND `id` = 0  [ RunTime:0.0002s ]
INFO: [ app_end ] --START--
INFO: Run Behavior\ShowPageTraceBehavior [ RunTime:0.000408s ]
INFO: [ app_end ] --END-- [ RunTime:0.000435s ]

[ 2016-07-26T15:47:54+08:00 ] ::1 /develop/Home/Customer/getinfo.shtml
INFO: [ app_begin ] --START--
INFO: Run Behavior\ReadHtmlCacheBehavior [ RunTime:0.000426s ]
INFO: [ app_begin ] --END-- [ RunTime:0.000729s ]
SQL: SHOW COLUMNS FROM `customer` [ RunTime:0.0018s ]
SQL: SELECT * FROM `customer` WHERE `userid` = 6172 AND `id` = 0  [ RunTime:0.0003s ]

[ 2016-07-26T15:48:27+08:00 ] ::1 /develop/Home/Customer/getinfo.shtml
INFO: [ app_begin ] --START--
INFO: Run Behavior\ReadHtmlCacheBehavior [ RunTime:0.000296s ]
INFO: [ app_begin ] --END-- [ RunTime:0.000483s ]
SQL: SHOW COLUMNS FROM `customer` [ RunTime:0.0020s ]
SQL: SELECT * FROM `customer` WHERE `userid` = 6172 AND `id` = 0  [ RunTime:0.0004s ]

[ 2016-07-26T15:50:12+08:00 ] ::1 /develop/Home/Customer/getinfo.shtml
INFO: [ app_begin ] --START--
INFO: Run Behavior\ReadHtmlCacheBehavior [ RunTime:0.000446s ]
INFO: [ app_begin ] --END-- [ RunTime:0.000779s ]
SQL: SHOW COLUMNS FROM `customer` [ RunTime:0.0021s ]
SQL: SELECT * FROM `customer` WHERE `userid` = 6172 AND `id` = 0  [ RunTime:0.0003s ]

[ 2016-07-26T15:52:21+08:00 ] ::1 /develop/Home/Customer/getinfo.shtml
INFO: [ app_begin ] --START--
INFO: Run Behavior\ReadHtmlCacheBehavior [ RunTime:0.000414s ]
INFO: [ app_begin ] --END-- [ RunTime:0.000700s ]
SQL: SHOW COLUMNS FROM `customer` [ RunTime:0.0054s ]
SQL: SELECT * FROM `customer` WHERE `userid` = 6172 AND `id` = 0  [ RunTime:0.0004s ]

[ 2016-07-26T15:52:34+08:00 ] ::1 /develop/Home/Customer/getinfo.shtml
INFO: [ app_begin ] --START--
INFO: Run Behavior\ReadHtmlCacheBehavior [ RunTime:0.000580s ]
INFO: [ app_begin ] --END-- [ RunTime:0.001102s ]
SQL: SHOW COLUMNS FROM `customer` [ RunTime:0.0020s ]
SQL: SELECT * FROM `customer` WHERE `userid` = 6172 AND `id` = 1  [ RunTime:0.0003s ]

[ 2016-07-26T15:53:18+08:00 ] ::1 /develop/Home/Customer/getinfo.shtml
INFO: [ app_begin ] --START--
INFO: Run Behavior\ReadHtmlCacheBehavior [ RunTime:0.001031s ]
INFO: [ app_begin ] --END-- [ RunTime:0.002065s ]
SQL: SHOW COLUMNS FROM `customer` [ RunTime:0.0015s ]
SQL: SELECT * FROM `customer` WHERE `userid` = 6172 AND `id` = 1 LIMIT 1   [ RunTime:0.0002s ]
NOTIC: [2] Illegal string offset 'status' C:\xampp\htdocs\develop\Application\Home\Controller\CustomerController.class.php 第 40 行.
NOTIC: [2] Illegal string offset 'status' C:\xampp\htdocs\develop\Application\Home\Controller\CustomerController.class.php 第 42 行.
NOTIC: [2] Illegal string offset 'status' C:\xampp\htdocs\develop\Application\Home\Controller\CustomerController.class.php 第 40 行.
NOTIC: [2] Illegal string offset 'status' C:\xampp\htdocs\develop\Application\Home\Controller\CustomerController.class.php 第 51 行.
NOTIC: [2] Illegal string offset 'status' C:\xampp\htdocs\develop\Application\Home\Controller\CustomerController.class.php 第 40 行.
NOTIC: [2] Illegal string offset 'status' C:\xampp\htdocs\develop\Application\Home\Controller\CustomerController.class.php 第 42 行.
NOTIC: [2] Illegal string offset 'status' C:\xampp\htdocs\develop\Application\Home\Controller\CustomerController.class.php 第 40 行.
NOTIC: [2] Illegal string offset 'status' C:\xampp\htdocs\develop\Application\Home\Controller\CustomerController.class.php 第 45 行.
NOTIC: [2] Illegal string offset 'status' C:\xampp\htdocs\develop\Application\Home\Controller\CustomerController.class.php 第 40 行.
NOTIC: [2] Illegal string offset 'status' C:\xampp\htdocs\develop\Application\Home\Controller\CustomerController.class.php 第 51 行.
NOTIC: [2] Illegal string offset 'status' C:\xampp\htdocs\develop\Application\Home\Controller\CustomerController.class.php 第 40 行.
NOTIC: [2] Illegal string offset 'status' C:\xampp\htdocs\develop\Application\Home\Controller\CustomerController.class.php 第 42 行.
NOTIC: [2] Illegal string offset 'status' C:\xampp\htdocs\develop\Application\Home\Controller\CustomerController.class.php 第 40 行.
NOTIC: [2] Illegal string offset 'status' C:\xampp\htdocs\develop\Application\Home\Controller\CustomerController.class.php 第 45 行.
NOTIC: [2] Illegal string offset 'createtime' C:\xampp\htdocs\develop\Application\Home\Controller\CustomerController.class.php 第 55 行.
NOTIC: [2] Illegal string offset 'createtime' C:\xampp\htdocs\develop\Application\Home\Controller\CustomerController.class.php 第 55 行.

[ 2016-07-26T15:53:40+08:00 ] ::1 /develop/Home/Customer/getinfo.shtml
INFO: [ app_begin ] --START--
INFO: Run Behavior\ReadHtmlCacheBehavior [ RunTime:0.000282s ]
INFO: [ app_begin ] --END-- [ RunTime:0.000480s ]
SQL: SHOW COLUMNS FROM `customer` [ RunTime:0.0016s ]
SQL: SELECT * FROM `customer` WHERE `userid` = 6172 AND `id` = 1 LIMIT 1   [ RunTime:0.0003s ]
NOTIC: [2] Illegal string offset 'status' C:\xampp\htdocs\develop\Application\Home\Controller\CustomerController.class.php 第 40 行.
NOTIC: [2] Illegal string offset 'status' C:\xampp\htdocs\develop\Application\Home\Controller\CustomerController.class.php 第 42 行.
NOTIC: [2] Illegal string offset 'status' C:\xampp\htdocs\develop\Application\Home\Controller\CustomerController.class.php 第 40 行.
NOTIC: [2] Illegal string offset 'status' C:\xampp\htdocs\develop\Application\Home\Controller\CustomerController.class.php 第 51 行.
NOTIC: [2] Illegal string offset 'status' C:\xampp\htdocs\develop\Application\Home\Controller\CustomerController.class.php 第 40 行.
NOTIC: [2] Illegal string offset 'status' C:\xampp\htdocs\develop\Application\Home\Controller\CustomerController.class.php 第 42 行.
NOTIC: [2] Illegal string offset 'status' C:\xampp\htdocs\develop\Application\Home\Controller\CustomerController.class.php 第 40 行.
NOTIC: [2] Illegal string offset 'status' C:\xampp\htdocs\develop\Application\Home\Controller\CustomerController.class.php 第 45 行.
NOTIC: [2] Illegal string offset 'status' C:\xampp\htdocs\develop\Application\Home\Controller\CustomerController.class.php 第 40 行.
NOTIC: [2] Illegal string offset 'status' C:\xampp\htdocs\develop\Application\Home\Controller\CustomerController.class.php 第 51 行.
NOTIC: [2] Illegal string offset 'status' C:\xampp\htdocs\develop\Application\Home\Controller\CustomerController.class.php 第 40 行.
NOTIC: [2] Illegal string offset 'status' C:\xampp\htdocs\develop\Application\Home\Controller\CustomerController.class.php 第 42 行.
NOTIC: [2] Illegal string offset 'status' C:\xampp\htdocs\develop\Application\Home\Controller\CustomerController.class.php 第 40 行.
NOTIC: [2] Illegal string offset 'status' C:\xampp\htdocs\develop\Application\Home\Controller\CustomerController.class.php 第 45 行.
NOTIC: [2] Illegal string offset 'createtime' C:\xampp\htdocs\develop\Application\Home\Controller\CustomerController.class.php 第 55 行.
NOTIC: [2] Illegal string offset 'createtime' C:\xampp\htdocs\develop\Application\Home\Controller\CustomerController.class.php 第 55 行.

[ 2016-07-26T15:53:58+08:00 ] ::1 /develop/Home/Customer/getinfo.shtml
INFO: [ app_begin ] --START--
INFO: Run Behavior\ReadHtmlCacheBehavior [ RunTime:0.000282s ]
INFO: [ app_begin ] --END-- [ RunTime:0.000473s ]
SQL: SHOW COLUMNS FROM `customer` [ RunTime:0.0018s ]
SQL: SELECT * FROM `customer` WHERE `userid` = 6172 AND `id` = 1  [ RunTime:0.0003s ]

[ 2016-07-26T15:55:07+08:00 ] ::1 /develop/Home/Customer/getinfo.shtml
INFO: [ app_begin ] --START--
INFO: Run Behavior\ReadHtmlCacheBehavior [ RunTime:0.000703s ]
INFO: [ app_begin ] --END-- [ RunTime:0.001421s ]
SQL: SHOW COLUMNS FROM `customer` [ RunTime:0.0016s ]
SQL: SELECT * FROM `customer` WHERE `userid` = 6172 AND `id` = 1  [ RunTime:0.0002s ]

[ 2016-07-26T15:56:21+08:00 ] ::1 /develop/Home/Customer/getinfo.shtml
INFO: [ app_begin ] --START--
INFO: Run Behavior\ReadHtmlCacheBehavior [ RunTime:0.000305s ]
INFO: [ app_begin ] --END-- [ RunTime:0.000523s ]
SQL: SHOW COLUMNS FROM `customer` [ RunTime:0.0019s ]
SQL: SELECT * FROM `customer` WHERE `userid` = 6172 AND `id` = 1  [ RunTime:0.0003s ]

[ 2016-07-26T15:56:38+08:00 ] ::1 /develop/Home/Customer/getinfo.shtml
INFO: [ app_begin ] --START--
INFO: Run Behavior\ReadHtmlCacheBehavior [ RunTime:0.000424s ]
INFO: [ app_begin ] --END-- [ RunTime:0.000951s ]
SQL: SHOW COLUMNS FROM `customer` [ RunTime:0.0022s ]
SQL: SELECT * FROM `customer` WHERE `userid` = 6172 AND `id` = 1  [ RunTime:0.0004s ]

[ 2016-07-26T15:57:21+08:00 ] ::1 /develop/Home/Customer/getinfo.shtml
INFO: [ app_begin ] --START--
INFO: Run Behavior\ReadHtmlCacheBehavior [ RunTime:0.000274s ]
INFO: [ app_begin ] --END-- [ RunTime:0.000463s ]
SQL: SHOW COLUMNS FROM `customer` [ RunTime:0.0016s ]
SQL: SELECT * FROM `customer` WHERE `userid` = 6172 AND `id` = 1  [ RunTime:0.0002s ]

[ 2016-07-26T15:59:07+08:00 ] ::1 /develop/Home/Customer/getinfo.shtml
INFO: [ app_begin ] --START--
INFO: Run Behavior\ReadHtmlCacheBehavior [ RunTime:0.000376s ]
INFO: [ app_begin ] --END-- [ RunTime:0.000581s ]
SQL: SHOW COLUMNS FROM `customer` [ RunTime:0.0015s ]
SQL: SELECT * FROM `customer` WHERE `userid` = 6172 AND `id` = 1  [ RunTime:0.0002s ]

