[ 2016-08-26T15:07:59+08:00 ] ::1 /develop/Home/Test/jjsss
INFO: [ app_init ] --START--
INFO: Run Behavior\BuildLiteBehavior [ RunTime:0.000028s ]
INFO: [ app_init ] --END-- [ RunTime:0.004139s ]
INFO: [ app_begin ] --START--
INFO: Run Behavior\ReadHtmlCacheBehavior [ RunTime:0.001816s ]
INFO: [ app_begin ] --END-- [ RunTime:0.001939s ]
SQL: SHOW COLUMNS FROM `think_commission_log` [ RunTime:0.0028s ]

[ 2016-08-26T15:12:15+08:00 ] ::1 /develop/Home/Test/jjsss
INFO: [ app_init ] --START--
INFO: Run Behavior\BuildLiteBehavior [ RunTime:0.000016s ]
INFO: [ app_init ] --END-- [ RunTime:0.000869s ]
INFO: [ app_begin ] --START--
INFO: Run Behavior\ReadHtmlCacheBehavior [ RunTime:0.000764s ]
INFO: [ app_begin ] --END-- [ RunTime:0.000817s ]
SQL: SHOW COLUMNS FROM `think_commission_log` [ RunTime:0.0019s ]
SQL: SELECT `id`,`sendid`,`goodsid`,`commission`,`createtime`,`state` FROM `think_commission_log` WHERE `sendid` = 6266 AND `state` = 1 AND ( UNIX_TIMESTAMP(createtime) < UNIX_TIMESTAMP(SUBDATE(NOW(), INTERVAL 7 DAY)) )  [ RunTime:0.0016s ]
INFO: [ app_end ] --START--
INFO: Run Behavior\ShowPageTraceBehavior [ RunTime:0.051807s ]
INFO: [ app_end ] --END-- [ RunTime:0.051897s ]

[ 2016-08-26T15:12:41+08:00 ] ::1 /develop/Home/Test/jjsss
INFO: [ app_init ] --START--
INFO: Run Behavior\BuildLiteBehavior [ RunTime:0.000023s ]
INFO: [ app_init ] --END-- [ RunTime:0.000792s ]
INFO: [ app_begin ] --START--
INFO: Run Behavior\ReadHtmlCacheBehavior [ RunTime:0.001020s ]
INFO: [ app_begin ] --END-- [ RunTime:0.001103s ]
SQL: SHOW COLUMNS FROM `think_commission_log` [ RunTime:0.0018s ]
SQL: SELECT `id`,`sendid`,`goodsid`,`commission`,`createtime`,`state` FROM `think_commission_log` WHERE `sendid` = 6266 AND `state` = 1 AND ( UNIX_TIMESTAMP(createtime) < UNIX_TIMESTAMP(SUBDATE(NOW(), INTERVAL 7 DAY)) )  [ RunTime:0.0013s ]
INFO: [ app_end ] --START--
INFO: Run Behavior\ShowPageTraceBehavior [ RunTime:0.000657s ]
INFO: [ app_end ] --END-- [ RunTime:0.000696s ]

[ 2016-08-26T15:49:25+08:00 ] ::1 /develop/Home/Test/jjsss
INFO: [ app_init ] --START--
INFO: Run Behavior\BuildLiteBehavior [ RunTime:0.000011s ]
INFO: [ app_init ] --END-- [ RunTime:0.000447s ]
INFO: [ app_begin ] --START--
INFO: Run Behavior\ReadHtmlCacheBehavior [ RunTime:0.000601s ]
INFO: [ app_begin ] --END-- [ RunTime:0.000648s ]
INFO: [ app_end ] --START--
INFO: Run Behavior\ShowPageTraceBehavior [ RunTime:0.000766s ]
INFO: [ app_end ] --END-- [ RunTime:0.000832s ]

[ 2016-08-26T15:49:47+08:00 ] ::1 /develop/Home/Test/jjsss
INFO: [ app_init ] --START--
INFO: Run Behavior\BuildLiteBehavior [ RunTime:0.000011s ]
INFO: [ app_init ] --END-- [ RunTime:0.000448s ]
INFO: [ app_begin ] --START--
INFO: Run Behavior\ReadHtmlCacheBehavior [ RunTime:0.000509s ]
INFO: [ app_begin ] --END-- [ RunTime:0.000563s ]
INFO: [ app_end ] --START--
INFO: Run Behavior\ShowPageTraceBehavior [ RunTime:0.000950s ]
INFO: [ app_end ] --END-- [ RunTime:0.001033s ]

[ 2016-08-26T15:49:48+08:00 ] ::1 /develop/Home/Test/jjsss
INFO: [ app_init ] --START--
INFO: Run Behavior\BuildLiteBehavior [ RunTime:0.000012s ]
INFO: [ app_init ] --END-- [ RunTime:0.000382s ]
INFO: [ app_begin ] --START--
INFO: Run Behavior\ReadHtmlCacheBehavior [ RunTime:0.000538s ]
INFO: [ app_begin ] --END-- [ RunTime:0.000594s ]
INFO: [ app_end ] --START--
INFO: Run Behavior\ShowPageTraceBehavior [ RunTime:0.000603s ]
INFO: [ app_end ] --END-- [ RunTime:0.000672s ]

[ 2016-08-26T15:49:48+08:00 ] ::1 /develop/Home/Test/jjsss
INFO: [ app_init ] --START--
INFO: Run Behavior\BuildLiteBehavior [ RunTime:0.000007s ]
INFO: [ app_init ] --END-- [ RunTime:0.000267s ]
INFO: [ app_begin ] --START--
INFO: Run Behavior\ReadHtmlCacheBehavior [ RunTime:0.000336s ]
INFO: [ app_begin ] --END-- [ RunTime:0.000368s ]
INFO: [ app_end ] --START--
INFO: Run Behavior\ShowPageTraceBehavior [ RunTime:0.000446s ]
INFO: [ app_end ] --END-- [ RunTime:0.000497s ]

[ 2016-08-26T15:51:08+08:00 ] ::1 /develop/Home/Test/jjsss
INFO: [ app_init ] --START--
INFO: Run Behavior\BuildLiteBehavior [ RunTime:0.000011s ]
INFO: [ app_init ] --END-- [ RunTime:0.000346s ]
INFO: [ app_begin ] --START--
INFO: Run Behavior\ReadHtmlCacheBehavior [ RunTime:0.000521s ]
INFO: [ app_begin ] --END-- [ RunTime:0.000568s ]
INFO: [ app_end ] --START--
INFO: Run Behavior\ShowPageTraceBehavior [ RunTime:0.001055s ]
INFO: [ app_end ] --END-- [ RunTime:0.001122s ]

[ 2016-08-26T15:51:58+08:00 ] ::1 /develop/Home/Test/jjsss
INFO: [ app_init ] --START--
INFO: Run Behavior\BuildLiteBehavior [ RunTime:0.000012s ]
INFO: [ app_init ] --END-- [ RunTime:0.000450s ]
INFO: [ app_begin ] --START--
INFO: Run Behavior\ReadHtmlCacheBehavior [ RunTime:0.000572s ]
INFO: [ app_begin ] --END-- [ RunTime:0.000614s ]
INFO: [ app_end ] --START--
INFO: Run Behavior\ShowPageTraceBehavior [ RunTime:0.000642s ]
INFO: [ app_end ] --END-- [ RunTime:0.000696s ]

[ 2016-08-26T15:53:51+08:00 ] ::1 /develop/Home/Test/jjsss
INFO: [ app_init ] --START--
INFO: Run Behavior\BuildLiteBehavior [ RunTime:0.000010s ]
INFO: [ app_init ] --END-- [ RunTime:0.000565s ]
INFO: [ app_begin ] --START--
INFO: Run Behavior\ReadHtmlCacheBehavior [ RunTime:0.000438s ]
INFO: [ app_begin ] --END-- [ RunTime:0.000472s ]
INFO: [ app_end ] --START--
INFO: Run Behavior\ShowPageTraceBehavior [ RunTime:0.000451s ]
INFO: [ app_end ] --END-- [ RunTime:0.000501s ]

[ 2016-08-26T15:54:14+08:00 ] ::1 /develop/Home/Test/jjsss
INFO: [ app_init ] --START--
INFO: Run Behavior\BuildLiteBehavior [ RunTime:0.000013s ]
INFO: [ app_init ] --END-- [ RunTime:0.000478s ]
INFO: [ app_begin ] --START--
INFO: Run Behavior\ReadHtmlCacheBehavior [ RunTime:0.000638s ]
INFO: [ app_begin ] --END-- [ RunTime:0.000695s ]

[ 2016-08-26T15:54:25+08:00 ] ::1 /develop/Home/Test/jjsss
INFO: [ app_init ] --START--
INFO: Run Behavior\BuildLiteBehavior [ RunTime:0.000011s ]
INFO: [ app_init ] --END-- [ RunTime:0.000302s ]
INFO: [ app_begin ] --START--
INFO: Run Behavior\ReadHtmlCacheBehavior [ RunTime:0.000399s ]
INFO: [ app_begin ] --END-- [ RunTime:0.000440s ]
INFO: [ app_end ] --START--
INFO: Run Behavior\ShowPageTraceBehavior [ RunTime:0.000675s ]
INFO: [ app_end ] --END-- [ RunTime:0.000748s ]

[ 2016-08-26T16:02:58+08:00 ] ::1 /develop/Home/Test/jjsss
INFO: [ app_init ] --START--
INFO: Run Behavior\BuildLiteBehavior [ RunTime:0.000036s ]
INFO: [ app_init ] --END-- [ RunTime:0.004742s ]
INFO: [ app_begin ] --START--
INFO: Run Behavior\ReadHtmlCacheBehavior [ RunTime:0.006913s ]
INFO: [ app_begin ] --END-- [ RunTime:0.007021s ]
INFO: [ app_end ] --START--
INFO: Run Behavior\ShowPageTraceBehavior [ RunTime:0.009820s ]
INFO: [ app_end ] --END-- [ RunTime:0.009960s ]

[ 2016-08-26T16:03:57+08:00 ] ::1 /develop/Home/Test/jjsss
INFO: [ app_init ] --START--
INFO: Run Behavior\BuildLiteBehavior [ RunTime:0.000012s ]
INFO: [ app_init ] --END-- [ RunTime:0.004831s ]
INFO: [ app_begin ] --START--
INFO: Run Behavior\ReadHtmlCacheBehavior [ RunTime:0.008711s ]
INFO: [ app_begin ] --END-- [ RunTime:0.008759s ]
NOTIC: [8192] mysql_query(): The mysql extension is deprecated and will be removed in the future: use mysqli or PDO instead C:\xampp\htdocs\develop\Application\Home\Controller\TestController.class.php 第 126 行.
INFO: [ app_end ] --START--
INFO: Run Behavior\ShowPageTraceBehavior [ RunTime:0.006586s ]
INFO: [ app_end ] --END-- [ RunTime:0.006643s ]

[ 2016-08-26T16:03:58+08:00 ] ::1 /develop/Home/Test/jjsss
INFO: [ app_init ] --START--
INFO: Run Behavior\BuildLiteBehavior [ RunTime:0.000015s ]
INFO: [ app_init ] --END-- [ RunTime:0.000481s ]
INFO: [ app_begin ] --START--
INFO: Run Behavior\ReadHtmlCacheBehavior [ RunTime:0.000602s ]
INFO: [ app_begin ] --END-- [ RunTime:0.000644s ]
NOTIC: [8192] mysql_query(): The mysql extension is deprecated and will be removed in the future: use mysqli or PDO instead C:\xampp\htdocs\develop\Application\Home\Controller\TestController.class.php 第 126 行.
INFO: [ app_end ] --START--
INFO: Run Behavior\ShowPageTraceBehavior [ RunTime:0.001780s ]
INFO: [ app_end ] --END-- [ RunTime:0.001882s ]

[ 2016-08-26T16:04:09+08:00 ] ::1 /develop/Home/Test/jjsss
INFO: [ app_init ] --START--
INFO: Run Behavior\BuildLiteBehavior [ RunTime:0.000016s ]
INFO: [ app_init ] --END-- [ RunTime:0.004793s ]
INFO: [ app_begin ] --START--
INFO: Run Behavior\ReadHtmlCacheBehavior [ RunTime:0.008902s ]
INFO: [ app_begin ] --END-- [ RunTime:0.008957s ]
NOTIC: [2] mysqli_query() expects at least 2 parameters, 1 given C:\xampp\htdocs\develop\Application\Home\Controller\TestController.class.php 第 126 行.
INFO: [ app_end ] --START--
INFO: Run Behavior\ShowPageTraceBehavior [ RunTime:0.006124s ]
INFO: [ app_end ] --END-- [ RunTime:0.006215s ]

[ 2016-08-26T16:04:10+08:00 ] ::1 /develop/Home/Test/jjsss
INFO: [ app_init ] --START--
INFO: Run Behavior\BuildLiteBehavior [ RunTime:0.000027s ]
INFO: [ app_init ] --END-- [ RunTime:0.001345s ]
INFO: [ app_begin ] --START--
INFO: Run Behavior\ReadHtmlCacheBehavior [ RunTime:0.000950s ]
INFO: [ app_begin ] --END-- [ RunTime:0.001032s ]
NOTIC: [2] mysqli_query() expects at least 2 parameters, 1 given C:\xampp\htdocs\develop\Application\Home\Controller\TestController.class.php 第 126 行.
INFO: [ app_end ] --START--
INFO: Run Behavior\ShowPageTraceBehavior [ RunTime:0.001147s ]
INFO: [ app_end ] --END-- [ RunTime:0.001224s ]

[ 2016-08-26T16:04:41+08:00 ] ::1 /develop/Home/Test/jjsss
INFO: [ app_init ] --START--
INFO: Run Behavior\BuildLiteBehavior [ RunTime:0.000015s ]
INFO: [ app_init ] --END-- [ RunTime:0.000989s ]
INFO: [ app_begin ] --START--
INFO: Run Behavior\ReadHtmlCacheBehavior [ RunTime:0.004445s ]
INFO: [ app_begin ] --END-- [ RunTime:0.004506s ]
NOTIC: [8192] mysql_query(): The mysql extension is deprecated and will be removed in the future: use mysqli or PDO instead C:\xampp\htdocs\develop\Application\Home\Controller\TestController.class.php 第 125 行.
INFO: [ app_end ] --START--
INFO: Run Behavior\ShowPageTraceBehavior [ RunTime:0.011931s ]
INFO: [ app_end ] --END-- [ RunTime:0.012029s ]

[ 2016-08-26T16:04:41+08:00 ] ::1 /develop/Home/Test/jjsss
INFO: [ app_init ] --START--
INFO: Run Behavior\BuildLiteBehavior [ RunTime:0.000024s ]
INFO: [ app_init ] --END-- [ RunTime:0.001149s ]
INFO: [ app_begin ] --START--
INFO: Run Behavior\ReadHtmlCacheBehavior [ RunTime:0.000962s ]
INFO: [ app_begin ] --END-- [ RunTime:0.001028s ]
NOTIC: [8192] mysql_query(): The mysql extension is deprecated and will be removed in the future: use mysqli or PDO instead C:\xampp\htdocs\develop\Application\Home\Controller\TestController.class.php 第 125 行.
INFO: [ app_end ] --START--
INFO: Run Behavior\ShowPageTraceBehavior [ RunTime:0.001091s ]
INFO: [ app_end ] --END-- [ RunTime:0.001169s ]

[ 2016-08-26T16:04:47+08:00 ] ::1 /develop/Home/Test/jjsss
INFO: [ app_init ] --START--
INFO: Run Behavior\BuildLiteBehavior [ RunTime:0.000010s ]
INFO: [ app_init ] --END-- [ RunTime:0.004765s ]
INFO: [ app_begin ] --START--
INFO: Run Behavior\ReadHtmlCacheBehavior [ RunTime:0.009137s ]
INFO: [ app_begin ] --END-- [ RunTime:0.009182s ]
NOTIC: [2] mysqli_query() expects at least 2 parameters, 1 given C:\xampp\htdocs\develop\Application\Home\Controller\TestController.class.php 第 125 行.
NOTIC: [2] mysqli_query() expects at least 2 parameters, 1 given C:\xampp\htdocs\develop\Application\Home\Controller\TestController.class.php 第 126 行.
INFO: [ app_end ] --START--
INFO: Run Behavior\ShowPageTraceBehavior [ RunTime:0.005680s ]
INFO: [ app_end ] --END-- [ RunTime:0.005740s ]

[ 2016-08-26T16:04:47+08:00 ] ::1 /develop/Home/Test/jjsss
INFO: [ app_init ] --START--
INFO: Run Behavior\BuildLiteBehavior [ RunTime:0.000009s ]
INFO: [ app_init ] --END-- [ RunTime:0.000416s ]
INFO: [ app_begin ] --START--
INFO: Run Behavior\ReadHtmlCacheBehavior [ RunTime:0.000504s ]
INFO: [ app_begin ] --END-- [ RunTime:0.000536s ]
NOTIC: [2] mysqli_query() expects at least 2 parameters, 1 given C:\xampp\htdocs\develop\Application\Home\Controller\TestController.class.php 第 125 行.
NOTIC: [2] mysqli_query() expects at least 2 parameters, 1 given C:\xampp\htdocs\develop\Application\Home\Controller\TestController.class.php 第 126 行.
INFO: [ app_end ] --START--
INFO: Run Behavior\ShowPageTraceBehavior [ RunTime:0.000724s ]
INFO: [ app_end ] --END-- [ RunTime:0.000767s ]

[ 2016-08-26T16:05:21+08:00 ] ::1 /develop/Home/Test/jjsss
INFO: [ app_init ] --START--
INFO: Run Behavior\BuildLiteBehavior [ RunTime:0.000042s ]
INFO: [ app_init ] --END-- [ RunTime:0.012876s ]
INFO: [ app_begin ] --START--
INFO: Run Behavior\ReadHtmlCacheBehavior [ RunTime:0.012505s ]
INFO: [ app_begin ] --END-- [ RunTime:0.012691s ]
NOTIC: [2] mysqli_query() expects at least 2 parameters, 1 given C:\xampp\htdocs\develop\Application\Home\Controller\TestController.class.php 第 125 行.
NOTIC: [2] mysqli_query() expects at least 2 parameters, 1 given C:\xampp\htdocs\develop\Application\Home\Controller\TestController.class.php 第 126 行.
INFO: [ app_end ] --START--
INFO: Run Behavior\ShowPageTraceBehavior [ RunTime:0.011129s ]
INFO: [ app_end ] --END-- [ RunTime:0.011395s ]

[ 2016-08-26T16:05:38+08:00 ] ::1 /develop/Home/Test/jjsss
INFO: [ app_init ] --START--
INFO: Run Behavior\BuildLiteBehavior [ RunTime:0.000017s ]
INFO: [ app_init ] --END-- [ RunTime:0.004774s ]
INFO: [ app_begin ] --START--
INFO: Run Behavior\ReadHtmlCacheBehavior [ RunTime:0.008968s ]
INFO: [ app_begin ] --END-- [ RunTime:0.009033s ]
NOTIC: [2] mysqli_query() expects at least 2 parameters, 1 given C:\xampp\htdocs\develop\Application\Home\Controller\TestController.class.php 第 127 行.
NOTIC: [2] mysqli_query() expects at least 2 parameters, 1 given C:\xampp\htdocs\develop\Application\Home\Controller\TestController.class.php 第 128 行.
INFO: [ app_end ] --START--
INFO: Run Behavior\ShowPageTraceBehavior [ RunTime:0.005749s ]
INFO: [ app_end ] --END-- [ RunTime:0.005829s ]

[ 2016-08-26T16:05:38+08:00 ] ::1 /develop/Home/Test/jjsss
INFO: [ app_init ] --START--
INFO: Run Behavior\BuildLiteBehavior [ RunTime:0.000012s ]
INFO: [ app_init ] --END-- [ RunTime:0.000455s ]
INFO: [ app_begin ] --START--
INFO: Run Behavior\ReadHtmlCacheBehavior [ RunTime:0.000587s ]
INFO: [ app_begin ] --END-- [ RunTime:0.000631s ]
NOTIC: [2] mysqli_query() expects at least 2 parameters, 1 given C:\xampp\htdocs\develop\Application\Home\Controller\TestController.class.php 第 127 行.
NOTIC: [2] mysqli_query() expects at least 2 parameters, 1 given C:\xampp\htdocs\develop\Application\Home\Controller\TestController.class.php 第 128 行.
INFO: [ app_end ] --START--
INFO: Run Behavior\ShowPageTraceBehavior [ RunTime:0.000893s ]
INFO: [ app_end ] --END-- [ RunTime:0.000944s ]

[ 2016-08-26T16:06:32+08:00 ] ::1 /develop/Home/Test/jjsss
INFO: [ app_init ] --START--
INFO: Run Behavior\BuildLiteBehavior [ RunTime:0.000021s ]
INFO: [ app_init ] --END-- [ RunTime:0.004914s ]
INFO: [ app_begin ] --START--
INFO: Run Behavior\ReadHtmlCacheBehavior [ RunTime:0.008307s ]
INFO: [ app_begin ] --END-- [ RunTime:0.008368s ]
NOTIC: [8192] mysql_query(): The mysql extension is deprecated and will be removed in the future: use mysqli or PDO instead C:\xampp\htdocs\develop\Application\Home\Controller\TestController.class.php 第 125 行.
INFO: [ app_end ] --START--
INFO: Run Behavior\ShowPageTraceBehavior [ RunTime:0.004126s ]
INFO: [ app_end ] --END-- [ RunTime:0.004211s ]

[ 2016-08-26T16:06:50+08:00 ] ::1 /develop/Home/Test/jjsss
INFO: [ app_init ] --START--
INFO: Run Behavior\BuildLiteBehavior [ RunTime:0.000023s ]
INFO: [ app_init ] --END-- [ RunTime:0.004747s ]
INFO: [ app_begin ] --START--
INFO: Run Behavior\ReadHtmlCacheBehavior [ RunTime:0.008044s ]
INFO: [ app_begin ] --END-- [ RunTime:0.008149s ]
NOTIC: [2] mysqli_query() expects at least 2 parameters, 1 given C:\xampp\htdocs\develop\Application\Home\Controller\TestController.class.php 第 125 行.
INFO: [ app_end ] --START--
INFO: Run Behavior\ShowPageTraceBehavior [ RunTime:0.011603s ]
INFO: [ app_end ] --END-- [ RunTime:0.011725s ]

[ 2016-08-26T16:06:51+08:00 ] ::1 /develop/Home/Test/jjsss
INFO: [ app_init ] --START--
INFO: Run Behavior\BuildLiteBehavior [ RunTime:0.000039s ]
INFO: [ app_init ] --END-- [ RunTime:0.013120s ]
INFO: [ app_begin ] --START--
INFO: Run Behavior\ReadHtmlCacheBehavior [ RunTime:0.013580s ]
INFO: [ app_begin ] --END-- [ RunTime:0.013757s ]
NOTIC: [2] mysqli_query() expects at least 2 parameters, 1 given C:\xampp\htdocs\develop\Application\Home\Controller\TestController.class.php 第 125 行.
INFO: [ app_end ] --START--
INFO: Run Behavior\ShowPageTraceBehavior [ RunTime:0.004886s ]
INFO: [ app_end ] --END-- [ RunTime:0.005074s ]

[ 2016-08-26T16:07:07+08:00 ] ::1 /develop/Home/Test/jjsss
INFO: [ app_init ] --START--
INFO: Run Behavior\BuildLiteBehavior [ RunTime:0.000018s ]
INFO: [ app_init ] --END-- [ RunTime:0.004845s ]
INFO: [ app_begin ] --START--
INFO: Run Behavior\ReadHtmlCacheBehavior [ RunTime:0.009040s ]
INFO: [ app_begin ] --END-- [ RunTime:0.009120s ]
NOTIC: [2] mysqli_query() expects at least 2 parameters, 1 given C:\xampp\htdocs\develop\Application\Home\Controller\TestController.class.php 第 127 行.
INFO: [ app_end ] --START--
INFO: Run Behavior\ShowPageTraceBehavior [ RunTime:0.005436s ]
INFO: [ app_end ] --END-- [ RunTime:0.005501s ]

[ 2016-08-26T16:07:08+08:00 ] ::1 /develop/Home/Test/jjsss
INFO: [ app_init ] --START--
INFO: Run Behavior\BuildLiteBehavior [ RunTime:0.000017s ]
INFO: [ app_init ] --END-- [ RunTime:0.004787s ]
INFO: [ app_begin ] --START--
INFO: Run Behavior\ReadHtmlCacheBehavior [ RunTime:0.008921s ]
INFO: [ app_begin ] --END-- [ RunTime:0.008989s ]
NOTIC: [2] mysqli_query() expects at least 2 parameters, 1 given C:\xampp\htdocs\develop\Application\Home\Controller\TestController.class.php 第 127 行.
INFO: [ app_end ] --START--
INFO: Run Behavior\ShowPageTraceBehavior [ RunTime:0.013669s ]
INFO: [ app_end ] --END-- [ RunTime:0.013743s ]

[ 2016-08-26T16:07:08+08:00 ] ::1 /develop/Home/Test/jjsss
INFO: [ app_init ] --START--
INFO: Run Behavior\BuildLiteBehavior [ RunTime:0.000017s ]
INFO: [ app_init ] --END-- [ RunTime:0.004624s ]
INFO: [ app_begin ] --START--
INFO: Run Behavior\ReadHtmlCacheBehavior [ RunTime:0.009023s ]
INFO: [ app_begin ] --END-- [ RunTime:0.009096s ]
NOTIC: [2] mysqli_query() expects at least 2 parameters, 1 given C:\xampp\htdocs\develop\Application\Home\Controller\TestController.class.php 第 127 行.
INFO: [ app_end ] --START--
INFO: Run Behavior\ShowPageTraceBehavior [ RunTime:0.005658s ]
INFO: [ app_end ] --END-- [ RunTime:0.005724s ]

[ 2016-08-26T16:07:13+08:00 ] ::1 /develop/Home/Test/jjsss
INFO: [ app_init ] --START--
INFO: Run Behavior\BuildLiteBehavior [ RunTime:0.000026s ]
INFO: [ app_init ] --END-- [ RunTime:0.004814s ]
INFO: [ app_begin ] --START--
INFO: Run Behavior\ReadHtmlCacheBehavior [ RunTime:0.008202s ]
INFO: [ app_begin ] --END-- [ RunTime:0.008317s ]
NOTIC: [2] mysqli_query() expects at least 2 parameters, 1 given C:\xampp\htdocs\develop\Application\Home\Controller\TestController.class.php 第 125 行.
INFO: [ app_end ] --START--
INFO: Run Behavior\ShowPageTraceBehavior [ RunTime:0.003090s ]
INFO: [ app_end ] --END-- [ RunTime:0.003201s ]

[ 2016-08-26T16:07:13+08:00 ] ::1 /develop/Home/Test/jjsss
INFO: [ app_init ] --START--
INFO: Run Behavior\BuildLiteBehavior [ RunTime:0.000013s ]
INFO: [ app_init ] --END-- [ RunTime:0.000505s ]
INFO: [ app_begin ] --START--
INFO: Run Behavior\ReadHtmlCacheBehavior [ RunTime:0.000630s ]
INFO: [ app_begin ] --END-- [ RunTime:0.000677s ]
NOTIC: [2] mysqli_query() expects at least 2 parameters, 1 given C:\xampp\htdocs\develop\Application\Home\Controller\TestController.class.php 第 125 行.
INFO: [ app_end ] --START--
INFO: Run Behavior\ShowPageTraceBehavior [ RunTime:0.000722s ]
INFO: [ app_end ] --END-- [ RunTime:0.000781s ]

[ 2016-08-26T16:09:29+08:00 ] ::1 /develop/Home/Test/jjsss
INFO: [ app_init ] --START--
INFO: Run Behavior\BuildLiteBehavior [ RunTime:0.000044s ]
INFO: [ app_init ] --END-- [ RunTime:0.012554s ]
INFO: [ app_begin ] --START--
INFO: Run Behavior\ReadHtmlCacheBehavior [ RunTime:0.014018s ]
INFO: [ app_begin ] --END-- [ RunTime:0.014291s ]
NOTIC: [2] mysqli_query() expects at least 2 parameters, 1 given C:\xampp\htdocs\develop\Application\Home\Controller\TestController.class.php 第 127 行.
INFO: [ app_end ] --START--
INFO: Run Behavior\ShowPageTraceBehavior [ RunTime:0.006632s ]
INFO: [ app_end ] --END-- [ RunTime:0.006752s ]

[ 2016-08-26T17:09:55+08:00 ] ::1 /develop/Home/Test/jjsss
INFO: [ app_init ] --START--
INFO: Run Behavior\BuildLiteBehavior [ RunTime:0.000016s ]
INFO: [ app_init ] --END-- [ RunTime:0.000491s ]
INFO: [ app_begin ] --START--
INFO: Run Behavior\ReadHtmlCacheBehavior [ RunTime:0.000561s ]
INFO: [ app_begin ] --END-- [ RunTime:0.000613s ]
NOTIC: [2] mysqli_query() expects at least 2 parameters, 1 given C:\xampp\htdocs\develop\Application\Home\Controller\TestController.class.php 第 127 行.
INFO: [ app_end ] --START--
INFO: Run Behavior\ShowPageTraceBehavior [ RunTime:0.000533s ]
INFO: [ app_end ] --END-- [ RunTime:0.000574s ]

[ 2016-08-26T17:20:48+08:00 ] ::1 /develop/Home/Test/jjsss
INFO: [ app_init ] --START--
INFO: Run Behavior\BuildLiteBehavior [ RunTime:0.000015s ]
INFO: [ app_init ] --END-- [ RunTime:0.000396s ]
INFO: [ app_begin ] --START--
INFO: Run Behavior\ReadHtmlCacheBehavior [ RunTime:0.000946s ]
INFO: [ app_begin ] --END-- [ RunTime:0.001017s ]

[ 2016-08-26T17:21:13+08:00 ] ::1 /develop/Home/Test/jjsss
INFO: [ app_init ] --START--
INFO: Run Behavior\BuildLiteBehavior [ RunTime:0.000009s ]
INFO: [ app_init ] --END-- [ RunTime:0.000301s ]
INFO: [ app_begin ] --START--
INFO: Run Behavior\ReadHtmlCacheBehavior [ RunTime:0.000403s ]
INFO: [ app_begin ] --END-- [ RunTime:0.000437s ]
SQL: SHOW COLUMNS FROM `think_commission_log` [ RunTime:0.0019s ]
SQL: SELECT `id`,`sendid`,`goodsid`,`commission`,`createtime`,`state` FROM `think_commission_log` WHERE `sendid` = 6266 AND `state` = 1 AND ( UNIX_TIMESTAMP(createtime) < UNIX_TIMESTAMP(SUBDATE(NOW(), INTERVAL 7 DAY)) )  [ RunTime:0.0014s ]
INFO: [ app_end ] --START--
INFO: Run Behavior\ShowPageTraceBehavior [ RunTime:0.000554s ]
INFO: [ app_end ] --END-- [ RunTime:0.000586s ]

[ 2016-08-26T17:26:25+08:00 ] ::1 /develop/Home/Test/jjsss
INFO: [ app_init ] --START--
INFO: Run Behavior\BuildLiteBehavior [ RunTime:0.000022s ]
INFO: [ app_init ] --END-- [ RunTime:0.000869s ]
INFO: [ app_begin ] --START--
INFO: Run Behavior\ReadHtmlCacheBehavior [ RunTime:0.001100s ]
INFO: [ app_begin ] --END-- [ RunTime:0.001188s ]
SQL: SHOW COLUMNS FROM `think_commission_log` [ RunTime:0.0020s ]
SQL: SELECT `id`,`sendid`,`goodsid`,`commission`,`createtime`,`state` FROM `think_commission_log` WHERE `sendid` = 6266 AND `state` = 1 AND ( UNIX_TIMESTAMP(createtime) < UNIX_TIMESTAMP(SUBDATE(NOW(), INTERVAL 7 DAY)) )  [ RunTime:0.0013s ]
INFO: [ app_end ] --START--
INFO: Run Behavior\ShowPageTraceBehavior [ RunTime:0.000819s ]
INFO: [ app_end ] --END-- [ RunTime:0.000884s ]

[ 2016-08-26T17:26:37+08:00 ] ::1 /develop/Home/Test/jjsss
INFO: [ app_init ] --START--
INFO: Run Behavior\BuildLiteBehavior [ RunTime:0.000022s ]
INFO: [ app_init ] --END-- [ RunTime:0.000891s ]
INFO: [ app_begin ] --START--
INFO: Run Behavior\ReadHtmlCacheBehavior [ RunTime:0.001146s ]
INFO: [ app_begin ] --END-- [ RunTime:0.001232s ]
SQL: SHOW COLUMNS FROM `think_commission_log` [ RunTime:0.0023s ]
SQL: SELECT `id`,`sendid`,`goodsid`,`commission`,`createtime`,`state` FROM `think_commission_log` WHERE `sendid` = 6266 AND `state` = 1 AND ( UNIX_TIMESTAMP(createtime) < UNIX_TIMESTAMP(SUBDATE(NOW(), INTERVAL 7 DAY)) )  [ RunTime:0.0018s ]
INFO: [ app_end ] --START--
INFO: Run Behavior\ShowPageTraceBehavior [ RunTime:0.001326s ]
INFO: [ app_end ] --END-- [ RunTime:0.001405s ]

[ 2016-08-26T17:26:45+08:00 ] ::1 /develop/Home/Test/jjsss
INFO: [ app_init ] --START--
INFO: Run Behavior\BuildLiteBehavior [ RunTime:0.000019s ]
INFO: [ app_init ] --END-- [ RunTime:0.000717s ]
INFO: [ app_begin ] --START--
INFO: Run Behavior\ReadHtmlCacheBehavior [ RunTime:0.000954s ]
INFO: [ app_begin ] --END-- [ RunTime:0.001033s ]
SQL: SHOW COLUMNS FROM `think_commission_log` [ RunTime:0.0019s ]
SQL: SELECT `id`,`sendid`,`goodsid`,`commission`,`createtime`,`state` FROM `think_commission_log` WHERE `sendid` = 6266 AND `state` = 1 AND ( UNIX_TIMESTAMP(createtime) < UNIX_TIMESTAMP(SUBDATE(NOW(), INTERVAL 7 DAY)) )  [ RunTime:0.0014s ]
INFO: [ app_end ] --START--
INFO: Run Behavior\ShowPageTraceBehavior [ RunTime:0.000688s ]
INFO: [ app_end ] --END-- [ RunTime:0.000729s ]

[ 2016-08-26T17:26:47+08:00 ] ::1 /develop/Home/Test/jjsss
INFO: [ app_init ] --START--
INFO: Run Behavior\BuildLiteBehavior [ RunTime:0.000020s ]
INFO: [ app_init ] --END-- [ RunTime:0.000703s ]
INFO: [ app_begin ] --START--
INFO: Run Behavior\ReadHtmlCacheBehavior [ RunTime:0.000861s ]
INFO: [ app_begin ] --END-- [ RunTime:0.000936s ]
SQL: SHOW COLUMNS FROM `think_commission_log` [ RunTime:0.0023s ]
SQL: SELECT `id`,`sendid`,`goodsid`,`commission`,`createtime`,`state` FROM `think_commission_log` WHERE `sendid` = 6266 AND `state` = 1 AND ( UNIX_TIMESTAMP(createtime) < UNIX_TIMESTAMP(SUBDATE(NOW(), INTERVAL 7 DAY)) )  [ RunTime:0.0017s ]
INFO: [ app_end ] --START--
INFO: Run Behavior\ShowPageTraceBehavior [ RunTime:0.001019s ]
INFO: [ app_end ] --END-- [ RunTime:0.001087s ]

[ 2016-08-26T17:27:07+08:00 ] ::1 /develop/Home/Test/jjsss
INFO: [ app_init ] --START--
INFO: Run Behavior\BuildLiteBehavior [ RunTime:0.000009s ]
INFO: [ app_init ] --END-- [ RunTime:0.000384s ]
INFO: [ app_begin ] --START--
INFO: Run Behavior\ReadHtmlCacheBehavior [ RunTime:0.000455s ]
INFO: [ app_begin ] --END-- [ RunTime:0.000491s ]
SQL: SHOW COLUMNS FROM `think_commission_log` [ RunTime:0.0021s ]
SQL: SELECT `id`,`sendid`,`goodsid`,`commission`,`createtime`,`state` FROM `think_commission_log` WHERE `sendid` = 6266 AND `state` = 1 AND ( UNIX_TIMESTAMP(createtime) < UNIX_TIMESTAMP(SUBDATE(NOW(), INTERVAL 7 DAY)) )  [ RunTime:0.0018s ]
INFO: [ app_end ] --START--
INFO: Run Behavior\ShowPageTraceBehavior [ RunTime:0.000553s ]
INFO: [ app_end ] --END-- [ RunTime:0.000585s ]

[ 2016-08-26T17:27:19+08:00 ] ::1 /develop/Home/Test/jjsss
INFO: [ app_init ] --START--
INFO: Run Behavior\BuildLiteBehavior [ RunTime:0.000020s ]
INFO: [ app_init ] --END-- [ RunTime:0.000719s ]
INFO: [ app_begin ] --START--
INFO: Run Behavior\ReadHtmlCacheBehavior [ RunTime:0.000864s ]
INFO: [ app_begin ] --END-- [ RunTime:0.000938s ]
SQL: SHOW COLUMNS FROM `think_commission_log` [ RunTime:0.0019s ]
SQL: SELECT `id`,`sendid`,`goodsid`,`commission`,`createtime`,`state` FROM `think_commission_log` WHERE `sendid` = 6266 AND `state` = 1 AND ( UNIX_TIMESTAMP(createtime) < UNIX_TIMESTAMP(SUBDATE(NOW(), INTERVAL 7 DAY)) )  [ RunTime:0.0014s ]
INFO: [ app_end ] --START--
INFO: Run Behavior\ShowPageTraceBehavior [ RunTime:0.001059s ]
INFO: [ app_end ] --END-- [ RunTime:0.001139s ]

[ 2016-08-26T17:28:10+08:00 ] ::1 /develop/Home/Test/jjsss
INFO: [ app_init ] --START--
INFO: Run Behavior\BuildLiteBehavior [ RunTime:0.000018s ]
INFO: [ app_init ] --END-- [ RunTime:0.000669s ]
INFO: [ app_begin ] --START--
INFO: Run Behavior\ReadHtmlCacheBehavior [ RunTime:0.000781s ]
INFO: [ app_begin ] --END-- [ RunTime:0.000846s ]
SQL: SHOW COLUMNS FROM `think_commission_log` [ RunTime:0.0018s ]
SQL: SELECT `id`,`sendid`,`goodsid`,`commission`,`createtime`,`state` FROM `think_commission_log` WHERE `sendid` = 6266 AND `state` = 1 AND ( UNIX_TIMESTAMP(createtime) < UNIX_TIMESTAMP(SUBDATE(NOW(), INTERVAL 7 DAY)) )  [ RunTime:0.0014s ]
INFO: [ app_end ] --START--
INFO: Run Behavior\ShowPageTraceBehavior [ RunTime:0.000506s ]
INFO: [ app_end ] --END-- [ RunTime:0.000539s ]

[ 2016-08-26T17:28:11+08:00 ] ::1 /develop/Home/Test/jjsss
INFO: [ app_init ] --START--
INFO: Run Behavior\BuildLiteBehavior [ RunTime:0.000035s ]
INFO: [ app_init ] --END-- [ RunTime:0.001322s ]
INFO: [ app_begin ] --START--
INFO: Run Behavior\ReadHtmlCacheBehavior [ RunTime:0.001591s ]
INFO: [ app_begin ] --END-- [ RunTime:0.001747s ]
SQL: SHOW COLUMNS FROM `think_commission_log` [ RunTime:0.0021s ]
SQL: SELECT `id`,`sendid`,`goodsid`,`commission`,`createtime`,`state` FROM `think_commission_log` WHERE `sendid` = 6266 AND `state` = 1 AND ( UNIX_TIMESTAMP(createtime) < UNIX_TIMESTAMP(SUBDATE(NOW(), INTERVAL 7 DAY)) )  [ RunTime:0.0014s ]
INFO: [ app_end ] --START--
INFO: Run Behavior\ShowPageTraceBehavior [ RunTime:0.001163s ]
INFO: [ app_end ] --END-- [ RunTime:0.001241s ]

[ 2016-08-26T17:28:12+08:00 ] ::1 /develop/Home/Test/jjsss
INFO: [ app_init ] --START--
INFO: Run Behavior\BuildLiteBehavior [ RunTime:0.000019s ]
INFO: [ app_init ] --END-- [ RunTime:0.000638s ]
INFO: [ app_begin ] --START--
INFO: Run Behavior\ReadHtmlCacheBehavior [ RunTime:0.000780s ]
INFO: [ app_begin ] --END-- [ RunTime:0.000861s ]
SQL: SHOW COLUMNS FROM `think_commission_log` [ RunTime:0.0022s ]
SQL: SELECT `id`,`sendid`,`goodsid`,`commission`,`createtime`,`state` FROM `think_commission_log` WHERE `sendid` = 6266 AND `state` = 1 AND ( UNIX_TIMESTAMP(createtime) < UNIX_TIMESTAMP(SUBDATE(NOW(), INTERVAL 7 DAY)) )  [ RunTime:0.0018s ]
INFO: [ app_end ] --START--
INFO: Run Behavior\ShowPageTraceBehavior [ RunTime:0.000592s ]
INFO: [ app_end ] --END-- [ RunTime:0.000629s ]

[ 2016-08-26T17:28:26+08:00 ] ::1 /develop/Home/Test/jjsss
INFO: [ app_init ] --START--
INFO: Run Behavior\BuildLiteBehavior [ RunTime:0.000016s ]
INFO: [ app_init ] --END-- [ RunTime:0.000634s ]
INFO: [ app_begin ] --START--
INFO: Run Behavior\ReadHtmlCacheBehavior [ RunTime:0.000770s ]
INFO: [ app_begin ] --END-- [ RunTime:0.000836s ]
SQL: SHOW COLUMNS FROM `think_commission_log` [ RunTime:0.0018s ]
SQL: SELECT `id`,`sendid`,`goodsid`,`commission`,`createtime`,`state` FROM `think_commission_log` WHERE `sendid` = 6266 AND `state` = 1 AND ( UNIX_TIMESTAMP(createtime) < UNIX_TIMESTAMP(SUBDATE(NOW(), INTERVAL 7 DAY)) )  [ RunTime:0.0014s ]
INFO: [ app_end ] --START--
INFO: Run Behavior\ShowPageTraceBehavior [ RunTime:0.000603s ]
INFO: [ app_end ] --END-- [ RunTime:0.000637s ]

[ 2016-08-26T17:28:27+08:00 ] ::1 /develop/Home/Test/jjsss
INFO: [ app_init ] --START--
INFO: Run Behavior\BuildLiteBehavior [ RunTime:0.000016s ]
INFO: [ app_init ] --END-- [ RunTime:0.000636s ]
INFO: [ app_begin ] --START--
INFO: Run Behavior\ReadHtmlCacheBehavior [ RunTime:0.000793s ]
INFO: [ app_begin ] --END-- [ RunTime:0.000866s ]
SQL: SHOW COLUMNS FROM `think_commission_log` [ RunTime:0.0018s ]
SQL: SELECT `id`,`sendid`,`goodsid`,`commission`,`createtime`,`state` FROM `think_commission_log` WHERE `sendid` = 6266 AND `state` = 1 AND ( UNIX_TIMESTAMP(createtime) < UNIX_TIMESTAMP(SUBDATE(NOW(), INTERVAL 7 DAY)) )  [ RunTime:0.0014s ]
INFO: [ app_end ] --START--
INFO: Run Behavior\ShowPageTraceBehavior [ RunTime:0.000559s ]
INFO: [ app_end ] --END-- [ RunTime:0.000591s ]

[ 2016-08-26T17:29:01+08:00 ] ::1 /develop/Home/Test/jjsss
INFO: [ app_init ] --START--
INFO: Run Behavior\BuildLiteBehavior [ RunTime:0.000017s ]
INFO: [ app_init ] --END-- [ RunTime:0.000699s ]
INFO: [ app_begin ] --START--
INFO: Run Behavior\ReadHtmlCacheBehavior [ RunTime:0.000940s ]
INFO: [ app_begin ] --END-- [ RunTime:0.001040s ]
SQL: SHOW COLUMNS FROM `think_commission_log` [ RunTime:0.0020s ]
SQL: SELECT `id`,`sendid`,`goodsid`,`commission`,`createtime`,`state` FROM `think_commission_log` WHERE `sendid` = 6266 AND `state` = 1 AND ( UNIX_TIMESTAMP(createtime) < UNIX_TIMESTAMP(SUBDATE(NOW(), INTERVAL 7 DAY)) )  [ RunTime:0.0017s ]
INFO: [ app_end ] --START--
INFO: Run Behavior\ShowPageTraceBehavior [ RunTime:0.001039s ]
INFO: [ app_end ] --END-- [ RunTime:0.001102s ]

[ 2016-08-26T17:29:14+08:00 ] ::1 /develop/Home/Test/jjsss
INFO: [ app_init ] --START--
INFO: Run Behavior\BuildLiteBehavior [ RunTime:0.000018s ]
INFO: [ app_init ] --END-- [ RunTime:0.000650s ]
INFO: [ app_begin ] --START--
INFO: Run Behavior\ReadHtmlCacheBehavior [ RunTime:0.000785s ]
INFO: [ app_begin ] --END-- [ RunTime:0.000851s ]
SQL: SHOW COLUMNS FROM `think_commission_log` [ RunTime:0.0022s ]
SQL: SELECT `id`,`sendid`,`goodsid`,`commission`,`createtime`,`state` FROM `think_commission_log` WHERE `sendid` = 6266 AND `state` = 1 AND ( UNIX_TIMESTAMP(createtime) < UNIX_TIMESTAMP(SUBDATE(NOW(), INTERVAL 7 DAY)) )  [ RunTime:0.0017s ]
INFO: [ app_end ] --START--
INFO: Run Behavior\ShowPageTraceBehavior [ RunTime:0.000572s ]
INFO: [ app_end ] --END-- [ RunTime:0.000607s ]

[ 2016-08-26T17:29:25+08:00 ] ::1 /develop/Home/Test/jjsss
INFO: [ app_init ] --START--
INFO: Run Behavior\BuildLiteBehavior [ RunTime:0.000014s ]
INFO: [ app_init ] --END-- [ RunTime:0.000437s ]
INFO: [ app_begin ] --START--
INFO: Run Behavior\ReadHtmlCacheBehavior [ RunTime:0.000358s ]
INFO: [ app_begin ] --END-- [ RunTime:0.000392s ]
SQL: SHOW COLUMNS FROM `think_commission_log` [ RunTime:0.0021s ]
SQL: SELECT `id`,`sendid`,`goodsid`,`commission`,`createtime`,`state` FROM `think_commission_log` WHERE `sendid` = 6266 AND `state` = 1 AND ( UNIX_TIMESTAMP(createtime) < UNIX_TIMESTAMP(SUBDATE(NOW(), INTERVAL 7 DAY)) )  [ RunTime:0.0016s ]
INFO: [ app_end ] --START--
INFO: Run Behavior\ShowPageTraceBehavior [ RunTime:0.000629s ]
INFO: [ app_end ] --END-- [ RunTime:0.000670s ]

[ 2016-08-26T17:30:44+08:00 ] ::1 /develop/Home/Test/jjsss
INFO: [ app_init ] --START--
INFO: Run Behavior\BuildLiteBehavior [ RunTime:0.000023s ]
INFO: [ app_init ] --END-- [ RunTime:0.001416s ]
INFO: [ app_begin ] --START--
INFO: Run Behavior\ReadHtmlCacheBehavior [ RunTime:0.001158s ]
INFO: [ app_begin ] --END-- [ RunTime:0.001266s ]
SQL: SHOW COLUMNS FROM `think_commission_log` [ RunTime:0.0020s ]
SQL: SELECT `id`,`sendid`,`goodsid`,`commission`,`createtime`,`state` FROM `think_commission_log` WHERE `sendid` = 6266 AND `state` = 1 AND ( UNIX_TIMESTAMP(createtime) < UNIX_TIMESTAMP(SUBDATE(NOW(), INTERVAL 7 DAY)) )  [ RunTime:0.0014s ]
INFO: [ app_end ] --START--
INFO: Run Behavior\ShowPageTraceBehavior [ RunTime:0.000891s ]
INFO: [ app_end ] --END-- [ RunTime:0.000961s ]

[ 2016-08-26T17:30:45+08:00 ] ::1 /develop/Home/Test/jjsss
INFO: [ app_init ] --START--
INFO: Run Behavior\BuildLiteBehavior [ RunTime:0.000022s ]
INFO: [ app_init ] --END-- [ RunTime:0.000921s ]
INFO: [ app_begin ] --START--
INFO: Run Behavior\ReadHtmlCacheBehavior [ RunTime:0.001120s ]
INFO: [ app_begin ] --END-- [ RunTime:0.001246s ]
SQL: SHOW COLUMNS FROM `think_commission_log` [ RunTime:0.0023s ]
SQL: SELECT `id`,`sendid`,`goodsid`,`commission`,`createtime`,`state` FROM `think_commission_log` WHERE `sendid` = 6266 AND `state` = 1 AND ( UNIX_TIMESTAMP(createtime) < UNIX_TIMESTAMP(SUBDATE(NOW(), INTERVAL 7 DAY)) )  [ RunTime:0.0017s ]
INFO: [ app_end ] --START--
INFO: Run Behavior\ShowPageTraceBehavior [ RunTime:0.001141s ]
INFO: [ app_end ] --END-- [ RunTime:0.001220s ]

[ 2016-08-26T17:30:52+08:00 ] ::1 /develop/Home/Test/jjsss
INFO: [ app_init ] --START--
INFO: Run Behavior\BuildLiteBehavior [ RunTime:0.000021s ]
INFO: [ app_init ] --END-- [ RunTime:0.000834s ]
INFO: [ app_begin ] --START--
INFO: Run Behavior\ReadHtmlCacheBehavior [ RunTime:0.001003s ]
INFO: [ app_begin ] --END-- [ RunTime:0.001093s ]
SQL: SHOW COLUMNS FROM `think_commission_log` [ RunTime:0.0022s ]
SQL: SELECT `id`,`sendid`,`goodsid`,`commission`,`createtime`,`state` FROM `think_commission_log` WHERE `sendid` = 6266 AND `state` = 1 AND ( UNIX_TIMESTAMP(createtime) < UNIX_TIMESTAMP(SUBDATE(NOW(), INTERVAL 7 DAY)) )  [ RunTime:0.0018s ]
INFO: [ app_end ] --START--
INFO: Run Behavior\ShowPageTraceBehavior [ RunTime:0.000820s ]
INFO: [ app_end ] --END-- [ RunTime:0.000871s ]

[ 2016-08-26T17:32:57+08:00 ] ::1 /develop/Home/Test/jjsss
INFO: [ app_init ] --START--
INFO: Run Behavior\BuildLiteBehavior [ RunTime:0.000020s ]
INFO: [ app_init ] --END-- [ RunTime:0.000783s ]
INFO: [ app_begin ] --START--
INFO: Run Behavior\ReadHtmlCacheBehavior [ RunTime:0.001017s ]
INFO: [ app_begin ] --END-- [ RunTime:0.001093s ]
SQL: SHOW COLUMNS FROM `think_commission_log` [ RunTime:0.0024s ]
SQL: SELECT `id`,`sendid`,`goodsid`,`commission`,`createtime`,`state` FROM `think_commission_log` WHERE `sendid` = 6266 AND `state` = 1 AND ( UNIX_TIMESTAMP(createtime) < UNIX_TIMESTAMP(SUBDATE(NOW(), INTERVAL 7 DAY)) )  [ RunTime:0.0018s ]
INFO: [ app_end ] --START--
INFO: Run Behavior\ShowPageTraceBehavior [ RunTime:0.001153s ]
INFO: [ app_end ] --END-- [ RunTime:0.001223s ]

[ 2016-08-26T17:33:07+08:00 ] ::1 /develop/Home/Test/jjsss
INFO: [ app_init ] --START--
INFO: Run Behavior\BuildLiteBehavior [ RunTime:0.000024s ]
INFO: [ app_init ] --END-- [ RunTime:0.001064s ]
INFO: [ app_begin ] --START--
INFO: Run Behavior\ReadHtmlCacheBehavior [ RunTime:0.001050s ]
INFO: [ app_begin ] --END-- [ RunTime:0.001147s ]
SQL: SHOW COLUMNS FROM `think_commission_log` [ RunTime:0.0018s ]
SQL: SELECT `id`,`sendid`,`goodsid`,`commission`,`createtime`,`state` FROM `think_commission_log` WHERE `sendid` = 6266 AND `state` = 1 AND ( UNIX_TIMESTAMP(createtime) < UNIX_TIMESTAMP(SUBDATE(NOW(), INTERVAL 7 DAY)) )  [ RunTime:0.0012s ]
INFO: [ app_end ] --START--
INFO: Run Behavior\ShowPageTraceBehavior [ RunTime:0.000732s ]
INFO: [ app_end ] --END-- [ RunTime:0.000785s ]

[ 2016-08-26T17:33:54+08:00 ] ::1 /develop/Home/Test/jjsss
INFO: [ app_init ] --START--
INFO: Run Behavior\BuildLiteBehavior [ RunTime:0.000022s ]
INFO: [ app_init ] --END-- [ RunTime:0.000868s ]
INFO: [ app_begin ] --START--
INFO: Run Behavior\ReadHtmlCacheBehavior [ RunTime:0.001151s ]
INFO: [ app_begin ] --END-- [ RunTime:0.001240s ]

[ 2016-08-26T17:35:41+08:00 ] ::1 /develop/Home/Test/jjsss
INFO: [ app_init ] --START--
INFO: Run Behavior\BuildLiteBehavior [ RunTime:0.000018s ]
INFO: [ app_init ] --END-- [ RunTime:0.000766s ]
INFO: [ app_begin ] --START--
INFO: Run Behavior\ReadHtmlCacheBehavior [ RunTime:0.000997s ]
INFO: [ app_begin ] --END-- [ RunTime:0.001073s ]
SQL: SHOW COLUMNS FROM `think_commission_log` [ RunTime:0.0020s ]
SQL: SELECT `id`,`sendid`,`goodsid`,`commission`,`createtime`,`state` FROM `think_commission_log` WHERE `sendid` = 6266 AND `state` = 1 AND ( UNIX_TIMESTAMP(createtime) < UNIX_TIMESTAMP(SUBDATE(NOW(), INTERVAL 7 DAY)) )  [ RunTime:0.0015s ]
INFO: [ app_end ] --START--
INFO: Run Behavior\ShowPageTraceBehavior [ RunTime:0.000809s ]
INFO: [ app_end ] --END-- [ RunTime:0.000853s ]

[ 2016-08-26T17:35:58+08:00 ] ::1 /develop/Home/Test/jjsss
INFO: [ app_init ] --START--
INFO: Run Behavior\BuildLiteBehavior [ RunTime:0.000020s ]
INFO: [ app_init ] --END-- [ RunTime:0.000707s ]
INFO: [ app_begin ] --START--
INFO: Run Behavior\ReadHtmlCacheBehavior [ RunTime:0.000869s ]
INFO: [ app_begin ] --END-- [ RunTime:0.000947s ]
SQL: SHOW COLUMNS FROM `think_commission_log` [ RunTime:0.0019s ]
SQL: SELECT `id`,`sendid`,`goodsid`,`commission`,`createtime`,`state` FROM `think_commission_log` WHERE `sendid` = 6266 AND `state` = 1 AND ( UNIX_TIMESTAMP(createtime) < UNIX_TIMESTAMP(SUBDATE(NOW(), INTERVAL 7 DAY)) )  [ RunTime:0.0014s ]
NOTIC: [8] Undefined index: id C:\xampp\htdocs\develop\Application\Home\Controller\TestController.class.php 第 127 行.
INFO: [ app_end ] --START--
INFO: Run Behavior\ShowPageTraceBehavior [ RunTime:0.000660s ]
INFO: [ app_end ] --END-- [ RunTime:0.000698s ]

[ 2016-08-26T17:36:10+08:00 ] ::1 /develop/Home/Test/jjsss
INFO: [ app_init ] --START--
INFO: Run Behavior\BuildLiteBehavior [ RunTime:0.000037s ]
INFO: [ app_init ] --END-- [ RunTime:0.001284s ]
INFO: [ app_begin ] --START--
INFO: Run Behavior\ReadHtmlCacheBehavior [ RunTime:0.001594s ]
INFO: [ app_begin ] --END-- [ RunTime:0.001743s ]
SQL: SHOW COLUMNS FROM `think_commission_log` [ RunTime:0.0024s ]
SQL: SELECT `id`,`sendid`,`goodsid`,`commission`,`createtime`,`state` FROM `think_commission_log` WHERE `sendid` = 6266 AND `state` = 1 AND ( UNIX_TIMESTAMP(createtime) < UNIX_TIMESTAMP(SUBDATE(NOW(), INTERVAL 7 DAY)) )  [ RunTime:0.0018s ]
INFO: [ app_end ] --START--
INFO: Run Behavior\ShowPageTraceBehavior [ RunTime:0.001291s ]
INFO: [ app_end ] --END-- [ RunTime:0.001410s ]

[ 2016-08-26T17:37:21+08:00 ] ::1 /develop/Home/Test/jjsss
INFO: [ app_init ] --START--
INFO: Run Behavior\BuildLiteBehavior [ RunTime:0.000013s ]
INFO: [ app_init ] --END-- [ RunTime:0.000529s ]
INFO: [ app_begin ] --START--
INFO: Run Behavior\ReadHtmlCacheBehavior [ RunTime:0.000706s ]
INFO: [ app_begin ] --END-- [ RunTime:0.000759s ]
SQL: SHOW COLUMNS FROM `think_commission_log` [ RunTime:0.0021s ]
SQL: SELECT `id`,`sendid`,`goodsid`,`commission`,`createtime`,`state` FROM `think_commission_log` WHERE `sendid` = 6266 AND `state` = 1 AND ( UNIX_TIMESTAMP(createtime) < UNIX_TIMESTAMP(SUBDATE(NOW(), INTERVAL 7 DAY)) )  [ RunTime:0.0017s ]
INFO: [ app_end ] --START--
INFO: Run Behavior\ShowPageTraceBehavior [ RunTime:0.000805s ]
INFO: [ app_end ] --END-- [ RunTime:0.000851s ]

[ 2016-08-26T17:37:23+08:00 ] ::1 /develop/Home/Test/jjsss
INFO: [ app_init ] --START--
INFO: Run Behavior\BuildLiteBehavior [ RunTime:0.000019s ]
INFO: [ app_init ] --END-- [ RunTime:0.000706s ]
INFO: [ app_begin ] --START--
INFO: Run Behavior\ReadHtmlCacheBehavior [ RunTime:0.000861s ]
INFO: [ app_begin ] --END-- [ RunTime:0.000937s ]
SQL: SHOW COLUMNS FROM `think_commission_log` [ RunTime:0.0021s ]
SQL: SELECT `id`,`sendid`,`goodsid`,`commission`,`createtime`,`state` FROM `think_commission_log` WHERE `sendid` = 6266 AND `state` = 1 AND ( UNIX_TIMESTAMP(createtime) < UNIX_TIMESTAMP(SUBDATE(NOW(), INTERVAL 7 DAY)) )  [ RunTime:0.0018s ]
INFO: [ app_end ] --START--
INFO: Run Behavior\ShowPageTraceBehavior [ RunTime:0.000702s ]
INFO: [ app_end ] --END-- [ RunTime:0.000746s ]

[ 2016-08-26T17:42:05+08:00 ] ::1 /develop/Home/Test/jjsss
INFO: [ app_init ] --START--
INFO: Run Behavior\BuildLiteBehavior [ RunTime:0.000016s ]
INFO: [ app_init ] --END-- [ RunTime:0.000630s ]
INFO: [ app_begin ] --START--
INFO: Run Behavior\ReadHtmlCacheBehavior [ RunTime:0.000902s ]
INFO: [ app_begin ] --END-- [ RunTime:0.000971s ]
SQL: SHOW COLUMNS FROM `think_commission_log` [ RunTime:0.0021s ]
SQL: SELECT `id`,`sendid`,`goodsid`,`commission`,`createtime`,`state` FROM `think_commission_log` WHERE `sendid` = 6266 AND `state` = 1 AND ( UNIX_TIMESTAMP(createtime) < UNIX_TIMESTAMP(SUBDATE(NOW(), INTERVAL 7 DAY)) )  [ RunTime:0.0015s ]
INFO: [ app_end ] --START--
INFO: Run Behavior\ShowPageTraceBehavior [ RunTime:0.001069s ]
INFO: [ app_end ] --END-- [ RunTime:0.001132s ]

[ 2016-08-26T17:44:14+08:00 ] ::1 /develop/Home/Test/jjsss
INFO: [ app_init ] --START--
INFO: Run Behavior\BuildLiteBehavior [ RunTime:0.000022s ]
INFO: [ app_init ] --END-- [ RunTime:0.000835s ]
INFO: [ app_begin ] --START--
INFO: Run Behavior\ReadHtmlCacheBehavior [ RunTime:0.001136s ]
INFO: [ app_begin ] --END-- [ RunTime:0.001222s ]
SQL: SHOW COLUMNS FROM `think_commission_log` [ RunTime:0.0019s ]
SQL: SELECT `id`,`sendid`,`goodsid`,`commission`,`createtime`,`state` FROM `think_commission_log` WHERE `sendid` = 6266 AND `state` = 1 AND ( UNIX_TIMESTAMP(createtime) < UNIX_TIMESTAMP(SUBDATE(NOW(), INTERVAL 7 DAY)) )  [ RunTime:0.0013s ]
INFO: [ app_end ] --START--
INFO: Run Behavior\ShowPageTraceBehavior [ RunTime:0.001266s ]
INFO: [ app_end ] --END-- [ RunTime:0.001386s ]

[ 2016-08-26T17:44:15+08:00 ] ::1 /develop/Home/Test/jjsss
INFO: [ app_init ] --START--
INFO: Run Behavior\BuildLiteBehavior [ RunTime:0.000020s ]
INFO: [ app_init ] --END-- [ RunTime:0.000716s ]
INFO: [ app_begin ] --START--
INFO: Run Behavior\ReadHtmlCacheBehavior [ RunTime:0.000820s ]
INFO: [ app_begin ] --END-- [ RunTime:0.000895s ]
SQL: SHOW COLUMNS FROM `think_commission_log` [ RunTime:0.0019s ]
SQL: SELECT `id`,`sendid`,`goodsid`,`commission`,`createtime`,`state` FROM `think_commission_log` WHERE `sendid` = 6266 AND `state` = 1 AND ( UNIX_TIMESTAMP(createtime) < UNIX_TIMESTAMP(SUBDATE(NOW(), INTERVAL 7 DAY)) )  [ RunTime:0.0015s ]
INFO: [ app_end ] --START--
INFO: Run Behavior\ShowPageTraceBehavior [ RunTime:0.001028s ]
INFO: [ app_end ] --END-- [ RunTime:0.001096s ]

[ 2016-08-26T17:44:21+08:00 ] ::1 /develop/Home/Test/jjsss
INFO: [ app_init ] --START--
INFO: Run Behavior\BuildLiteBehavior [ RunTime:0.000038s ]
INFO: [ app_init ] --END-- [ RunTime:0.001401s ]
INFO: [ app_begin ] --START--
INFO: Run Behavior\ReadHtmlCacheBehavior [ RunTime:0.001407s ]
INFO: [ app_begin ] --END-- [ RunTime:0.001513s ]
SQL: SHOW COLUMNS FROM `think_commission_log` [ RunTime:0.0023s ]
SQL: SELECT `id`,`sendid`,`goodsid`,`commission`,`createtime`,`state` FROM `think_commission_log` WHERE `sendid` = 6266 AND `state` = 1 AND ( UNIX_TIMESTAMP(createtime) < UNIX_TIMESTAMP(SUBDATE(NOW(), INTERVAL 7 DAY)) )  [ RunTime:0.0018s ]
INFO: [ app_end ] --START--
INFO: Run Behavior\ShowPageTraceBehavior [ RunTime:0.001059s ]
INFO: [ app_end ] --END-- [ RunTime:0.001127s ]

[ 2016-08-26T17:44:38+08:00 ] ::1 /develop/Home/Test/jjsss
INFO: [ app_init ] --START--
INFO: Run Behavior\BuildLiteBehavior [ RunTime:0.000022s ]
INFO: [ app_init ] --END-- [ RunTime:0.000830s ]
INFO: [ app_begin ] --START--
INFO: Run Behavior\ReadHtmlCacheBehavior [ RunTime:0.001131s ]
INFO: [ app_begin ] --END-- [ RunTime:0.001217s ]
SQL: SHOW COLUMNS FROM `think_commission_log` [ RunTime:0.0021s ]
SQL: SELECT `id`,`sendid`,`goodsid`,`commission`,`createtime`,`state` FROM `think_commission_log` WHERE `sendid` = 6266 AND `state` = 1 AND ( UNIX_TIMESTAMP(createtime) < UNIX_TIMESTAMP(SUBDATE(NOW(), INTERVAL 7 DAY)) )  [ RunTime:0.0016s ]
INFO: [ app_end ] --START--
INFO: Run Behavior\ShowPageTraceBehavior [ RunTime:0.000888s ]
INFO: [ app_end ] --END-- [ RunTime:0.000936s ]

[ 2016-08-26T17:45:21+08:00 ] ::1 /develop/Home/Test/jjsss
INFO: [ app_init ] --START--
INFO: Run Behavior\BuildLiteBehavior [ RunTime:0.000025s ]
INFO: [ app_init ] --END-- [ RunTime:0.000952s ]
INFO: [ app_begin ] --START--
INFO: Run Behavior\ReadHtmlCacheBehavior [ RunTime:0.001243s ]
INFO: [ app_begin ] --END-- [ RunTime:0.001364s ]
SQL: SHOW COLUMNS FROM `think_commission_log` [ RunTime:0.0024s ]
SQL: SELECT `id`,`sendid`,`goodsid`,`commission`,`createtime`,`state` FROM `think_commission_log` WHERE `sendid` = 6266 AND `state` = 1 AND ( UNIX_TIMESTAMP(createtime) < UNIX_TIMESTAMP(SUBDATE(NOW(), INTERVAL 7 DAY)) )  [ RunTime:0.0019s ]
INFO: [ app_end ] --START--
INFO: Run Behavior\ShowPageTraceBehavior [ RunTime:0.001341s ]
INFO: [ app_end ] --END-- [ RunTime:0.001435s ]

[ 2016-08-26T17:47:25+08:00 ] ::1 /develop/Home/Test/jjsss
INFO: [ app_init ] --START--
INFO: Run Behavior\BuildLiteBehavior [ RunTime:0.000018s ]
INFO: [ app_init ] --END-- [ RunTime:0.000693s ]
INFO: [ app_begin ] --START--
INFO: Run Behavior\ReadHtmlCacheBehavior [ RunTime:0.000903s ]
INFO: [ app_begin ] --END-- [ RunTime:0.000972s ]
SQL: SHOW COLUMNS FROM `think_commission_log` [ RunTime:0.0024s ]
SQL: SELECT `id`,`sendid`,`goodsid`,`commission`,`createtime`,`state` FROM `think_commission_log` WHERE `sendid` = 6266 AND `state` = 1 AND ( UNIX_TIMESTAMP(createtime) < UNIX_TIMESTAMP(SUBDATE(NOW(), INTERVAL 7 DAY)) )  [ RunTime:0.0018s ]
INFO: [ app_end ] --START--
INFO: Run Behavior\ShowPageTraceBehavior [ RunTime:0.001021s ]
INFO: [ app_end ] --END-- [ RunTime:0.001083s ]

[ 2016-08-26T17:47:44+08:00 ] ::1 /develop/Home/Test/jjsss
INFO: [ app_init ] --START--
INFO: Run Behavior\BuildLiteBehavior [ RunTime:0.000017s ]
INFO: [ app_init ] --END-- [ RunTime:0.000655s ]
INFO: [ app_begin ] --START--
INFO: Run Behavior\ReadHtmlCacheBehavior [ RunTime:0.000775s ]
INFO: [ app_begin ] --END-- [ RunTime:0.000842s ]
SQL: SHOW COLUMNS FROM `think_commission_log` [ RunTime:0.0019s ]
SQL: SELECT `id`,`sendid`,`goodsid`,`commission`,`createtime`,`state` FROM `think_commission_log` WHERE `sendid` = 6266 AND `state` = 1 AND ( UNIX_TIMESTAMP(createtime) < UNIX_TIMESTAMP(SUBDATE(NOW(), INTERVAL 7 DAY)) )  [ RunTime:0.0016s ]
INFO: [ app_end ] --START--
INFO: Run Behavior\ShowPageTraceBehavior [ RunTime:0.001125s ]
INFO: [ app_end ] --END-- [ RunTime:0.001219s ]

[ 2016-08-26T17:48:01+08:00 ] ::1 /develop/Home/Test/jjsss
INFO: [ app_init ] --START--
INFO: Run Behavior\BuildLiteBehavior [ RunTime:0.000023s ]
INFO: [ app_init ] --END-- [ RunTime:0.000824s ]
INFO: [ app_begin ] --START--
INFO: Run Behavior\ReadHtmlCacheBehavior [ RunTime:0.000990s ]
INFO: [ app_begin ] --END-- [ RunTime:0.001077s ]
SQL: SHOW COLUMNS FROM `think_commission_log` [ RunTime:0.0020s ]
SQL: SELECT `id`,`sendid`,`goodsid`,`commission`,`createtime`,`state` FROM `think_commission_log` WHERE `sendid` = 6266 AND `state` = 1 AND ( UNIX_TIMESTAMP(createtime) < UNIX_TIMESTAMP(SUBDATE(NOW(), INTERVAL 7 DAY)) )  [ RunTime:0.0016s ]
INFO: [ app_end ] --START--
INFO: Run Behavior\ShowPageTraceBehavior [ RunTime:0.001172s ]
INFO: [ app_end ] --END-- [ RunTime:0.001252s ]

[ 2016-08-26T17:48:16+08:00 ] ::1 /develop/Home/Test/jjsss
INFO: [ app_init ] --START--
INFO: Run Behavior\BuildLiteBehavior [ RunTime:0.000018s ]
INFO: [ app_init ] --END-- [ RunTime:0.000706s ]
INFO: [ app_begin ] --START--
INFO: Run Behavior\ReadHtmlCacheBehavior [ RunTime:0.000869s ]
INFO: [ app_begin ] --END-- [ RunTime:0.000943s ]
SQL: SHOW COLUMNS FROM `think_commission_log` [ RunTime:0.0022s ]
SQL: SELECT `id`,`sendid`,`goodsid`,`commission`,`createtime`,`state` FROM `think_commission_log` WHERE `sendid` = 6266 AND `state` = 1 AND ( UNIX_TIMESTAMP(createtime) < UNIX_TIMESTAMP(SUBDATE(NOW(), INTERVAL 7 DAY)) )  [ RunTime:0.0016s ]
INFO: [ app_end ] --START--
INFO: Run Behavior\ShowPageTraceBehavior [ RunTime:0.000557s ]
INFO: [ app_end ] --END-- [ RunTime:0.000590s ]

